[03:18:26] [ServerMain/INFO]: [bootstrap] Running Java 21 (OpenJDK 64-Bit Server VM 21.0.5+11-Ubuntu-1ubuntu120.04; Ubuntu null) on Linux 6.5.0-1025-azure (amd64)
[03:18:26] [ServerMain/INFO]: [bootstrap] Loading Paper 1.21.1-131-ver/1.21.1@84281ce (2024-10-31T17:43:44Z) for Minecraft 1.21.1
[03:18:26] [ServerMain/INFO]: [PluginInitializerManager] Initializing plugins...
[03:18:27] [ServerMain/INFO]: [PluginInitializerManager] Initialized 3 plugins
[03:18:27] [ServerMain/INFO]: [PluginInitializerManager] Bukkit plugins (3):
 - Geyser-Spigot (2.5.0-SNAPSHOT), ViaVersion (5.1.1), floodgate (2.2.3-SNAPSHOT (b114-83fbd6e))
[03:18:34] [ServerMain/INFO]: Environment: Environment[sessionHost=https://sessionserver.mojang.com, servicesHost=https://api.minecraftservices.com, name=PROD]
[03:18:37] [ServerMain/INFO]: Loaded 1290 recipes
[03:18:37] [ServerMain/INFO]: Loaded 1399 advancements
[03:18:37] [Server thread/INFO]: Starting minecraft server version 1.21.1
[03:18:37] [Server thread/INFO]: Loading properties
[03:18:38] [Server thread/INFO]: This server is running Paper version 1.21.1-131-ver/1.21.1@84281ce (2024-10-31T17:43:44Z) (Implementing API version 1.21.1-R0.1-SNAPSHOT)
[03:18:39] [Server thread/INFO]: [spark] This server bundles the spark profiler. For more information please visit https://docs.papermc.io/paper/profiling
[03:18:39] [Server thread/INFO]: Server Ping Player Sample Count: 12
[03:18:39] [Server thread/INFO]: Using 4 threads for Netty based IO
[03:18:40] [Server thread/INFO]: [ChunkTaskScheduler] Chunk system is using 1 I/O threads, 1 worker threads, and population gen parallelism of 1 threads
[03:18:41] [Server thread/INFO]: Default game type: SURVIVAL
[03:18:41] [Server thread/INFO]: Generating keypair
[03:18:41] [Server thread/INFO]: Starting Minecraft server on *:25565
[03:18:41] [Server thread/INFO]: Using epoll channel type
[03:18:41] [Server thread/INFO]: Paper: Using libdeflate (Linux x86_64) compression from Velocity.
[03:18:41] [Server thread/INFO]: Paper: Using OpenSSL 1.1.x (Linux x86_64) cipher from Velocity.
[03:18:42] [Server thread/INFO]: [floodgate] Loading server plugin floodgate v2.2.3-SNAPSHOT (b114-83fbd6e)
[03:18:43] [Server thread/WARN]: [floodgate] en_ is not a supported Floodgate language.
[03:18:43] [Server thread/INFO]: [floodgate] Took 1,061ms to boot Floodgate
[03:18:43] [Server thread/INFO]: [ViaVersion] Loading server plugin ViaVersion v5.1.1
[03:18:43] [Server thread/INFO]: [ViaVersion] ViaVersion 5.1.1 is now loaded. Registering protocol transformers and injecting...
[03:18:44] [Via-Mappingloader-0/INFO]: [ViaVersion] Loading block connection mappings ...
[03:18:44] [Via-Mappingloader-0/INFO]: [ViaVersion] Using FastUtil Long2ObjectOpenHashMap for block connections
[03:18:45] [Server thread/INFO]: [Geyser-Spigot] Loading server plugin Geyser-Spigot v2.5.0-SNAPSHOT
[03:18:46] [Server thread/INFO]: [Geyser-Spigot] Loading extensions...
[03:18:46] [Server thread/INFO]: [Geyser-Spigot] Loaded 0 extension(s)
[03:18:46] [Server thread/INFO]: Server permissions file permissions.yml is empty, ignoring it
[03:18:46] [Server thread/WARN]: **** SERVER IS RUNNING IN OFFLINE/INSECURE MODE!
[03:18:46] [Server thread/WARN]: The server will make no attempt to authenticate usernames. Beware.
[03:18:46] [Server thread/WARN]: While this makes the game possible to play without internet access, it also opens up the ability for hackers to connect with any username they choose.
[03:18:46] [Server thread/WARN]: To change this, set "online-mode" to "true" in the server.properties file.
[03:18:46] [Server thread/INFO]: Preparing level "world"
[03:18:47] [Server thread/INFO]: Preparing start region for dimension minecraft:overworld
[03:18:49] [Server thread/INFO]: Time elapsed: 2364 ms
[03:18:49] [Server thread/INFO]: Preparing start region for dimension minecraft:the_nether
[03:18:50] [Server thread/INFO]: Time elapsed: 408 ms
[03:18:50] [Server thread/INFO]: Preparing start region for dimension minecraft:the_end
[03:18:50] [Server thread/INFO]: Time elapsed: 194 ms
[03:18:50] [Server thread/INFO]: [floodgate] Enabling floodgate v2.2.3-SNAPSHOT (b114-83fbd6e)
[03:18:50] [Server thread/INFO]: [ViaVersion] Enabling ViaVersion v5.1.1
[03:18:50] [Server thread/INFO]: [ViaVersion] ViaVersion detected server version: 1.21-1.21.1 (767)
[03:18:51] [Server thread/INFO]: [Geyser-Spigot] Enabling Geyser-Spigot v2.5.0-SNAPSHOT
[03:18:51] [Server thread/INFO]: [spark] Starting background profiler...
[03:18:52] [Server thread/INFO]: [Geyser-Spigot] ******************************************
[03:18:52] [Server thread/INFO]: [Geyser-Spigot] 
[03:18:52] [Server thread/INFO]: [Geyser-Spigot] Loading Geyser version 2.5.0-b712 (git-master-e645935)
[03:18:52] [Server thread/INFO]: [Geyser-Spigot] 
[03:18:52] [Server thread/INFO]: [Geyser-Spigot] ******************************************
[03:19:01] [epollEventLoopGroup-3-1/INFO]: [Geyser-Spigot] Started Geyser on UDP port 1272
[03:19:01] [Server thread/INFO]: [Geyser-Spigot] Done (9.151s)! Run /geyser help for help!
[03:19:01] [Server thread/INFO]: Done preparing level "world" (15.018s)
[03:19:01] [Server thread/INFO]: Running delayed init tasks
[03:19:01] [Server thread/INFO]: Done (36.535s)! For help, type "help"
[03:19:01] [Server thread/INFO]: Timings Reset
[03:19:01] [Craft Scheduler Thread - 2 - ViaVersion/INFO]: [ViaVersion] Finished mapping loading, shutting down loader executor.
[03:19:05] [User Authenticator #0/INFO]: UUID of player FaceLgooo is 5b8f26bd-0fb2-3850-a88b-15203dcbdb06
[03:19:07] [Server thread/INFO]: FaceLgooo joined the game
[03:19:08] [Server thread/INFO]: FaceLgooo[/127.131.172.243:43151] logged in with entity id 120 at ([world]409.8302220136122, 87.0, -323.37592596538724)
[03:19:18] [User Authenticator #0/INFO]: UUID of player Marlon_44 is 094bd054-fbb4-3479-8bff-f942c7c9b646
[03:19:20] [Server thread/INFO]: Marlon_44 joined the game
[03:19:20] [Server thread/INFO]: Marlon_44[/127.213.176.218:49555] logged in with entity id 315 at ([world_nether]-183.81586419629446, 83.875, -33.35784527069596)
[03:21:02] [epollEventLoopGroup-4-1/INFO]: [Geyser-Spigot] Player connected with username EvertCL
[03:21:02] [localSession-7-2/INFO]: [Geyser-Spigot] EvertCL (logged in as: EvertCL) has connected to the Java server
[03:21:03] [Server thread/INFO]: [floodgate] Floodgate player logged in as .EvertCL joined (UUID: 00000000-0000-0000-0009-01ffbe16af14)
[03:21:03] [Server thread/INFO]: .EvertCL joined the game
[03:21:03] [Server thread/INFO]: .EvertCL[/127.0.0.1:0] logged in with entity id 1257 at ([world_nether]72.65971, 67.0, -26.215107)
[03:22:39] [Server thread/WARN]: .EvertCL moved too quickly! 10.627549999999928,0.0,-4.681939999999997
[03:22:39] [Server thread/WARN]: .EvertCL moved too quickly! 10.627549999999928,0.0,-4.681939999999997
[03:22:39] [Server thread/WARN]: .EvertCL moved too quickly! 10.627549999999928,0.0,-4.681939999999997
[03:22:39] [Server thread/WARN]: .EvertCL moved too quickly! 10.627549999999928,0.0,-4.681939999999997
[03:22:39] [Server thread/WARN]: .EvertCL moved too quickly! 10.627549999999928,0.0,-4.681939999999997
[03:22:39] [Server thread/WARN]: .EvertCL moved too quickly! 10.627549999999928,0.0,-4.681939999999997
[03:22:39] [Server thread/WARN]: .EvertCL moved too quickly! 10.627549999999928,0.0,-4.681939999999997
[03:22:39] [Server thread/WARN]: .EvertCL moved too quickly! 10.627549999999928,0.0,-4.681939999999997
[03:22:39] [Server thread/WARN]: .EvertCL moved too quickly! 10.627549999999928,0.0,-4.681939999999997
[03:22:39] [Server thread/WARN]: .EvertCL moved too quickly! 10.627549999999928,0.0,-4.681939999999997
[03:22:39] [Server thread/WARN]: .EvertCL moved too quickly! 10.627549999999928,0.0,-4.681939999999997
[03:22:39] [Server thread/WARN]: .EvertCL moved too quickly! 10.627549999999928,0.0,-4.681939999999997
[03:22:39] [Server thread/WARN]: .EvertCL moved too quickly! 10.627549999999928,0.0,-4.681939999999997
[03:22:39] [Server thread/WARN]: .EvertCL moved too quickly! 10.627549999999928,0.0,-4.681939999999997
[03:22:39] [Server thread/WARN]: .EvertCL moved too quickly! 10.627549999999928,0.0,-4.681939999999997
[03:22:39] [Server thread/WARN]: .EvertCL moved too quickly! 10.627549999999928,0.0,-4.681939999999997
[03:22:39] [Server thread/WARN]: .EvertCL moved too quickly! 10.627549999999928,0.0,-4.681939999999997
[03:22:39] [Server thread/WARN]: .EvertCL moved too quickly! 10.627549999999928,0.0,-4.681939999999997
[03:24:16] [epollEventLoopGroup-4-2/INFO]: [Geyser-Spigot] Player connected with username Waitanam
[03:24:16] [localSession-7-3/INFO]: [Geyser-Spigot] Waitanam (logged in as: Waitanam) has connected to the Java server
[03:24:16] [Server thread/INFO]: [floodgate] Floodgate player logged in as .Waitanam joined (UUID: 00000000-0000-0000-0009-01f3d733d214)
[03:24:16] [Server thread/INFO]: .Waitanam joined the game
[03:24:16] [Server thread/INFO]: .Waitanam[/127.0.0.1:0] logged in with entity id 2006 at ([world]618.30001, 109.0, -234.60695)
[03:24:38] [localSession-7-2/INFO]: [Geyser-Spigot] EvertCL has disconnected from the Java server because of Bedrock client timed out
[03:24:38] [Geyser Spigot connection thread-6-3/INFO]: [floodgate] Floodgate player logged in as .EvertCL disconnected
[03:24:38] [Server thread/INFO]: .EvertCL lost connection: Disconnected
[03:24:38] [Server thread/INFO]: .EvertCL left the game
[03:24:38] [localSession-7-3/INFO]: [Geyser-Spigot] Waitanam has disconnected from the Java server because of Bedrock client timed out
[03:24:38] [Geyser Spigot connection thread-6-4/INFO]: [floodgate] Floodgate player logged in as .Waitanam disconnected
[03:24:38] [Server thread/INFO]: .Waitanam lost connection: Disconnected
[03:24:38] [Server thread/INFO]: .Waitanam left the game
[03:24:58] [epollEventLoopGroup-4-3/INFO]: [Geyser-Spigot] Player connected with username EvertCL
[03:24:58] [localSession-7-4/INFO]: [Geyser-Spigot] EvertCL (logged in as: EvertCL) has connected to the Java server
[03:24:58] [Server thread/INFO]: [floodgate] Floodgate player logged in as .EvertCL joined (UUID: 00000000-0000-0000-0009-01ffbe16af14)
[03:24:58] [Server thread/INFO]: .EvertCL joined the game
[03:24:58] [Server thread/INFO]: .EvertCL[/127.0.0.1:0] logged in with entity id 2075 at ([world]575.627, 97.0, -224.0225)
[03:26:39] [Geyser Spigot connection thread-6-1/INFO]: [floodgate] Floodgate player logged in as .EvertCL disconnected
[03:26:39] [localSession-7-4/INFO]: [Geyser-Spigot] EvertCL has disconnected from the Java server because of Bedrock client timed out
[03:26:39] [Server thread/INFO]: .EvertCL lost connection: Disconnected
[03:26:39] [Server thread/INFO]: .EvertCL left the game
[03:27:00] [epollEventLoopGroup-4-4/INFO]: [Geyser-Spigot] Player connected with username EvertCL
[03:27:00] [localSession-7-1/INFO]: [Geyser-Spigot] EvertCL (logged in as: EvertCL) has connected to the Java server
[03:27:00] [Server thread/INFO]: [floodgate] Floodgate player logged in as .EvertCL joined (UUID: 00000000-0000-0000-0009-01ffbe16af14)
[03:27:01] [Server thread/INFO]: .EvertCL joined the game
[03:27:01] [Server thread/INFO]: .EvertCL[/127.0.0.1:0] logged in with entity id 2642 at ([world]590.4718, 97.0, -229.0573)
[03:28:23] [Server thread/INFO]: Marlon_44 issued server command: /gamemode creative
[03:28:23] [Server thread/INFO]: [Marlon_44: Set own game mode to Creative Mode]
[03:29:19] [Server thread/INFO]: .EvertCL issued server command: /time set day
[03:29:19] [Server thread/INFO]: [.EvertCL: Set the time to 1000]
[03:29:43] [Server thread/WARN]: .EvertCL moved too quickly! 11.76789999999994,-0.10412000000000177,12.299580000000006
[03:29:43] [Server thread/WARN]: .EvertCL moved too quickly! 11.706749999999943,-0.04001999999999839,12.092150000000018
[03:29:43] [Server thread/WARN]: .EvertCL moved too quickly! 11.706749999999943,-0.04001999999999839,12.092150000000018
[03:29:43] [Server thread/WARN]: .EvertCL moved too quickly! 11.706749999999943,-0.04001999999999839,12.092150000000018
[03:29:43] [Server thread/WARN]: .EvertCL moved too quickly! 11.706749999999943,-0.04001999999999839,12.092150000000018
[03:29:43] [Server thread/WARN]: .EvertCL moved too quickly! 11.706749999999943,-0.04001999999999839,12.092150000000018
[03:29:43] [Server thread/WARN]: .EvertCL moved too quickly! 11.706749999999943,-0.04001999999999839,12.092150000000018
[03:29:43] [Server thread/WARN]: .EvertCL moved too quickly! 11.706749999999943,-0.04001999999999839,12.092150000000018
[03:29:43] [Server thread/WARN]: .EvertCL moved too quickly! 11.706749999999943,-0.04001999999999839,12.092150000000018
[03:29:43] [Server thread/WARN]: .EvertCL moved too quickly! 11.706749999999943,-0.04001999999999839,12.092150000000018
[03:29:43] [Server thread/WARN]: .EvertCL moved too quickly! 11.706749999999943,-0.04001999999999839,12.092150000000018
[03:29:43] [Server thread/WARN]: .EvertCL moved too quickly! 11.706749999999943,-0.04001999999999839,12.092150000000018
[03:29:43] [Server thread/WARN]: .EvertCL moved too quickly! 11.706749999999943,-0.04001999999999839,12.092150000000018
[03:29:43] [Server thread/WARN]: .EvertCL moved too quickly! 11.706749999999943,-0.04001999999999839,12.092150000000018
[03:29:43] [Server thread/WARN]: .EvertCL moved too quickly! 11.706749999999943,-0.04001999999999839,12.092150000000018
[03:29:43] [Server thread/WARN]: .EvertCL moved too quickly! 11.706749999999943,-0.04001999999999839,12.092150000000018
[03:29:43] [Server thread/WARN]: .EvertCL moved too quickly! 11.706749999999943,-0.04001999999999839,12.092150000000018
[03:29:43] [Server thread/WARN]: .EvertCL moved too quickly! 11.706749999999943,-0.04001999999999839,12.092150000000018
[03:29:43] [Server thread/WARN]: .EvertCL moved too quickly! 11.706749999999943,-0.04001999999999839,12.092150000000018
[03:29:43] [Server thread/WARN]: .EvertCL moved too quickly! 11.706749999999943,-0.04001999999999839,12.092150000000018
[03:29:43] [Server thread/WARN]: .EvertCL moved too quickly! 11.706749999999943,-0.04001999999999839,12.092150000000018
[03:29:43] [Server thread/WARN]: .EvertCL moved too quickly! 11.706749999999943,-0.04001999999999839,12.092150000000018
[03:29:43] [Server thread/WARN]: .EvertCL moved too quickly! 11.706749999999943,-0.04001999999999839,12.092150000000018
[03:29:43] [Server thread/WARN]: .EvertCL moved too quickly! 11.706749999999943,-0.04001999999999839,12.092150000000018
[03:29:43] [Server thread/WARN]: .EvertCL moved too quickly! 11.706749999999943,-0.04001999999999839,12.092150000000018
[03:29:43] [Server thread/WARN]: .EvertCL moved too quickly! 11.706749999999943,-0.04001999999999839,12.092150000000018
[03:29:43] [Server thread/WARN]: .EvertCL moved too quickly! 11.706749999999943,-0.04001999999999839,12.092150000000018
[03:29:43] [Server thread/WARN]: .EvertCL moved too quickly! 11.706749999999943,-0.04001999999999839,12.092150000000018
[03:29:43] [Server thread/WARN]: .EvertCL moved too quickly! 11.706749999999943,-0.04001999999999839,12.092150000000018
[03:29:43] [Server thread/WARN]: .EvertCL moved too quickly! 11.706749999999943,-0.04001999999999839,12.092150000000018
[03:29:43] [Server thread/WARN]: .EvertCL moved too quickly! 11.706749999999943,-0.04001999999999839,12.092150000000018
[03:29:43] [Server thread/WARN]: .EvertCL moved too quickly! 11.706749999999943,-0.04001999999999839,12.092150000000018
[03:29:43] [Server thread/WARN]: .EvertCL moved too quickly! 11.706749999999943,-0.04001999999999839,12.092150000000018
[03:29:43] [Server thread/WARN]: .EvertCL moved too quickly! 11.706749999999943,-0.04001999999999839,12.092150000000018
[03:29:43] [Server thread/WARN]: .EvertCL moved too quickly! 11.706749999999943,-0.04001999999999839,12.092150000000018
[03:30:36] [Server thread/WARN]: .EvertCL was kicked for floating too long!
[03:30:36] [Geyser Spigot connection thread-6-2/INFO]: [floodgate] Floodgate player logged in as .EvertCL disconnected
[03:30:36] [Server thread/INFO]: .EvertCL lost connection: Flying is not enabled on this server
[03:30:36] [localSession-7-1/INFO]: [Geyser-Spigot] EvertCL has disconnected from the Java server because of End of stream
[03:30:36] [Server thread/INFO]: .EvertCL left the game
[03:31:03] [epollEventLoopGroup-4-1/INFO]: [Geyser-Spigot] Player connected with username EvertCL
[03:31:03] [localSession-7-2/INFO]: [Geyser-Spigot] EvertCL (logged in as: EvertCL) has connected to the Java server
[03:31:04] [Server thread/INFO]: [floodgate] Floodgate player logged in as .EvertCL joined (UUID: 00000000-0000-0000-0009-01ffbe16af14)
[03:31:04] [Server thread/INFO]: .EvertCL joined the game
[03:31:04] [Server thread/INFO]: .EvertCL[/127.0.0.1:0] logged in with entity id 3610 at ([world]660.3877, 65.0, -100.56233)
[03:31:21] [Server thread/INFO]: Marlon_44 issued server command: /gamemode survival
[03:31:21] [Server thread/INFO]: [Marlon_44: Set own game mode to Survival Mode]
[03:31:44] [Server thread/WARN]: .EvertCL moved too quickly! -5.994239999999991,-2.0,-11.80816
[03:31:44] [Server thread/WARN]: .EvertCL moved too quickly! -5.830639999999903,-2.0,-11.606680000000011
[03:31:44] [Server thread/WARN]: .EvertCL moved too quickly! -5.830639999999903,-2.0,-11.606680000000011
[03:31:44] [Server thread/WARN]: .EvertCL moved too quickly! -5.830639999999903,-2.0,-11.606680000000011
[03:31:44] [Server thread/WARN]: .EvertCL moved too quickly! -5.830639999999903,-2.0,-11.606680000000011
[03:31:44] [Server thread/WARN]: .EvertCL moved too quickly! -5.830639999999903,-2.0,-11.606680000000011
[03:31:44] [Server thread/WARN]: .EvertCL moved too quickly! -5.830639999999903,-2.0,-11.606680000000011
[03:31:44] [Server thread/WARN]: .EvertCL moved too quickly! -5.830639999999903,-2.0,-11.606680000000011
[03:31:44] [Server thread/WARN]: .EvertCL moved too quickly! -5.830639999999903,-2.0,-11.606680000000011
[03:31:44] [Server thread/WARN]: .EvertCL moved too quickly! -5.830639999999903,-2.0,-11.606680000000011
[03:31:44] [Server thread/WARN]: .EvertCL moved too quickly! -5.830639999999903,-2.0,-11.606680000000011
[03:31:44] [Server thread/WARN]: .EvertCL moved too quickly! -5.830639999999903,-2.0,-11.606680000000011
[03:31:44] [Server thread/WARN]: .EvertCL moved too quickly! -5.830639999999903,-2.0,-11.606680000000011
[03:31:44] [Server thread/WARN]: .EvertCL moved too quickly! -5.830639999999903,-2.0,-11.606680000000011
[03:31:44] [Server thread/WARN]: .EvertCL moved too quickly! -5.830639999999903,-2.0,-11.606680000000011
[03:31:44] [Server thread/WARN]: .EvertCL moved too quickly! -5.830639999999903,-2.0,-11.606680000000011
[03:32:53] [Server thread/INFO]: Marlon_44 issued server command: /gamemode creative
[03:32:53] [Server thread/INFO]: [Marlon_44: Set own game mode to Creative Mode]
[03:33:05] [Server thread/INFO]: Marlon_44 issued server command: /gamemode survival
[03:33:05] [Server thread/INFO]: [Marlon_44: Set own game mode to Survival Mode]
[03:33:56] [Server thread/INFO]: Marlon_44 issued server command: /tp FaceLgooo
[03:33:56] [Server thread/INFO]: [Marlon_44: Teleported Marlon_44 to FaceLgooo]
[03:34:20] [Server thread/INFO]: Marlon_44 issued server command: /gamemode creative
[03:34:20] [Server thread/INFO]: [Marlon_44: Set own game mode to Creative Mode]
[03:35:32] [Server thread/INFO]: Marlon_44 issued server command: /gamemode survival
[03:35:32] [Server thread/INFO]: [Marlon_44: Set own game mode to Survival Mode]
[03:35:40] [Server thread/INFO]: Marlon_44 issued server command: /gamemode creative
[03:35:40] [Server thread/INFO]: [Marlon_44: Set own game mode to Creative Mode]
[03:35:43] [Server thread/INFO]: Marlon_44 issued server command: /gamemode survival
[03:35:43] [Server thread/INFO]: [Marlon_44: Set own game mode to Survival Mode]
[03:36:37] [Server thread/INFO]: .EvertCL issued server command: /tp .EvertCL FaceLgooo
[03:36:37] [Server thread/INFO]: [.EvertCL: Teleported .EvertCL to FaceLgooo]
[03:36:37] [Server thread/WARN]: .EvertCL moved too quickly! -229.57562175382998,16.0,-242.8522794669162
[03:36:37] [Server thread/WARN]: .EvertCL moved too quickly! -229.57562175382998,16.0,-242.8522794669162
[03:36:37] [Server thread/WARN]: .EvertCL moved too quickly! -229.57562175382998,16.0,-242.8522794669162
[03:36:37] [Server thread/WARN]: .EvertCL moved too quickly! -229.57562175382998,16.0,-242.8522794669162
[03:36:37] [Server thread/WARN]: .EvertCL moved too quickly! -229.57562175382998,16.0,-242.8522794669162
[03:36:37] [Server thread/WARN]: .EvertCL moved too quickly! -229.57562175382998,16.0,-242.8522794669162
[03:36:37] [Server thread/WARN]: .EvertCL moved too quickly! -229.57562175382998,16.0,-242.8522794669162
[03:36:37] [Server thread/WARN]: .EvertCL moved too quickly! -229.57562175382998,16.0,-242.8522794669162
[03:36:37] [Server thread/WARN]: .EvertCL moved too quickly! -229.57562175382998,16.0,-242.8522794669162
[03:36:37] [Server thread/WARN]: .EvertCL moved too quickly! -229.57562175382998,16.0,-242.8522794669162
[03:36:37] [Server thread/WARN]: .EvertCL moved too quickly! -229.57562175382998,16.0,-242.8522794669162
[03:36:37] [Server thread/WARN]: .EvertCL moved too quickly! -229.57562175382998,16.0,-242.8522794669162
[03:36:37] [Server thread/WARN]: .EvertCL moved too quickly! -229.57562175382998,16.0,-242.8522794669162
[03:36:37] [Server thread/WARN]: .EvertCL moved too quickly! -229.57562175382998,16.0,-242.8522794669162
[03:36:37] [Server thread/WARN]: .EvertCL moved too quickly! -229.57562175382998,16.0,-242.8522794669162
[03:36:37] [Server thread/WARN]: .EvertCL moved too quickly! -229.57562175382998,16.0,-242.8522794669162
[03:36:37] [Server thread/WARN]: .EvertCL moved too quickly! -229.57562175382998,16.0,-242.8522794669162
[03:36:37] [Server thread/WARN]: .EvertCL moved too quickly! -229.57562175382998,16.0,-242.8522794669162
[03:36:37] [Server thread/WARN]: .EvertCL moved too quickly! -229.57562175382998,16.0,-242.8522794669162
[03:36:37] [Server thread/WARN]: .EvertCL moved too quickly! -229.57562175382998,16.0,-242.8522794669162
[03:36:37] [Server thread/WARN]: .EvertCL moved too quickly! -229.57562175382998,16.0,-242.8522794669162
[03:36:37] [Server thread/WARN]: .EvertCL moved too quickly! -229.57562175382998,16.0,-242.8522794669162
[03:36:37] [Server thread/WARN]: .EvertCL moved too quickly! -229.57562175382998,16.0,-242.8522794669162
[03:36:37] [Server thread/WARN]: .EvertCL moved too quickly! -229.57562175382998,16.0,-242.8522794669162
[03:36:37] [Server thread/WARN]: .EvertCL moved too quickly! -229.57562175382998,16.0,-242.8522794669162
[03:36:37] [Server thread/WARN]: .EvertCL moved too quickly! -229.57562175382998,16.0,-242.8522794669162
[03:36:37] [Server thread/WARN]: .EvertCL moved too quickly! -229.57562175382998,16.0,-242.8522794669162
[03:36:37] [Server thread/WARN]: .EvertCL moved too quickly! -229.57562175382998,16.0,-242.8522794669162
[03:36:37] [Server thread/WARN]: .EvertCL moved too quickly! -229.57562175382998,16.0,-242.8522794669162
[03:36:37] [Server thread/WARN]: .EvertCL moved too quickly! -229.57562175382998,16.0,-242.8522794669162
[03:36:37] [Server thread/WARN]: .EvertCL moved too quickly! -229.57562175382998,16.0,-242.8522794669162
[03:36:37] [Server thread/WARN]: .EvertCL moved too quickly! -229.57562175382998,16.0,-242.8522794669162
[03:36:37] [Server thread/WARN]: .EvertCL moved too quickly! -229.57562175382998,16.0,-242.8522794669162
[03:36:37] [Server thread/WARN]: .EvertCL moved too quickly! -229.57562175382998,16.0,-242.8522794669162
[03:36:37] [Server thread/WARN]: .EvertCL moved too quickly! -229.57562175382998,16.0,-242.8522794669162
[03:36:37] [Server thread/WARN]: .EvertCL moved too quickly! -229.57562175382998,16.0,-242.8522794669162
[03:36:37] [Server thread/WARN]: .EvertCL moved too quickly! -229.57562175382998,16.0,-242.8522794669162
[03:36:37] [Server thread/WARN]: .EvertCL moved too quickly! -229.57562175382998,16.0,-242.8522794669162
[03:36:37] [Server thread/WARN]: .EvertCL moved too quickly! -229.57562175382998,16.0,-242.8522794669162
[03:36:37] [Server thread/WARN]: .EvertCL moved too quickly! -229.57562175382998,16.0,-242.8522794669162
[03:36:37] [Server thread/WARN]: .EvertCL moved too quickly! -229.57562175382998,16.0,-242.8522794669162
[03:36:37] [Server thread/WARN]: .EvertCL moved too quickly! -229.57562175382998,16.0,-242.8522794669162
[03:36:37] [Server thread/WARN]: .EvertCL moved too quickly! -229.57562175382998,16.0,-242.8522794669162
[03:36:37] [Server thread/WARN]: .EvertCL moved too quickly! -229.57562175382998,16.0,-242.8522794669162
[03:37:29] [epollEventLoopGroup-4-2/INFO]: [Geyser-Spigot] Player connected with username Waitanam
[03:37:29] [localSession-7-3/INFO]: [Geyser-Spigot] Waitanam (logged in as: Waitanam) has connected to the Java server
[03:37:29] [Server thread/INFO]: [floodgate] Floodgate player logged in as .Waitanam joined (UUID: 00000000-0000-0000-0009-01f3d733d214)
[03:37:29] [Server thread/INFO]: .Waitanam joined the game
[03:37:29] [Server thread/INFO]: .Waitanam[/127.0.0.1:0] logged in with entity id 5450 at ([world]618.30001, 109.0, -234.60695)
[03:37:50] [Server thread/INFO]: .EvertCL issued server command: /tp FaceLgooo .EvertCL
[03:37:50] [Server thread/INFO]: [.EvertCL: Teleported FaceLgooo to .EvertCL]
[03:38:14] [Server thread/INFO]: .EvertCL issued server command: /tp .EvertCL .Waitanam
[03:38:14] [Server thread/INFO]: [.EvertCL: Teleported .EvertCL to .Waitanam]
[03:38:29] [Server thread/INFO]: Marlon_44 issued server command: /tp .EvertCL
[03:38:29] [Server thread/INFO]: [Marlon_44: Teleported Marlon_44 to .EvertCL]
[03:39:35] [Geyser Spigot connection thread-6-4/INFO]: [floodgate] Floodgate player logged in as .Waitanam disconnected
[03:39:35] [localSession-7-3/INFO]: [Geyser-Spigot] Waitanam has disconnected from the Java server because of Bedrock client disconnected
[03:39:35] [Server thread/INFO]: .Waitanam lost connection: Disconnected
[03:39:35] [Server thread/INFO]: .Waitanam left the game
[03:40:09] [epollEventLoopGroup-4-3/INFO]: [Geyser-Spigot] Player connected with username Waitanam
[03:40:09] [localSession-7-4/INFO]: [Geyser-Spigot] Waitanam (logged in as: Waitanam) has connected to the Java server
[03:40:10] [Server thread/INFO]: [floodgate] Floodgate player logged in as .Waitanam joined (UUID: 00000000-0000-0000-0009-01f3d733d214)
[03:40:10] [Server thread/INFO]: .Waitanam joined the game
[03:40:10] [Server thread/INFO]: .Waitanam[/127.0.0.1:0] logged in with entity id 6509 at ([world]610.51249, 104.0, -233.87585)
[03:40:29] [Server thread/INFO]: Marlon_44 issued server command: /time set day
[03:40:29] [Server thread/INFO]: [Marlon_44: Set the time to 1000]
[03:40:36] [Server thread/INFO]: .EvertCL issued server command: /time set night
[03:40:36] [Server thread/INFO]: [.EvertCL: Set the time to 13000]
[03:40:48] [Server thread/INFO]: .EvertCL issued server command: /weather thunder
[03:40:48] [Server thread/INFO]: [.EvertCL: Set the weather to rain & thunder]
[03:40:48] [Server thread/INFO]: .EvertCL issued server command: /time set sunrise
[03:42:01] [Server thread/INFO]: Marlon_44 issued server command: /gamemode creative
[03:42:01] [Server thread/INFO]: [Marlon_44: Set own game mode to Creative Mode]
[03:42:16] [Server thread/INFO]: Marlon_44 issued server command: /gamemode survival
[03:42:16] [Server thread/INFO]: [Marlon_44: Set own game mode to Survival Mode]
[03:43:46] [Server thread/INFO]: Marlon_44 issued server command: /effect give FaceLgooo minecraft:haste
[03:43:46] [Server thread/INFO]: [Marlon_44: Applied effect Haste to FaceLgooo]
[03:43:49] [Server thread/INFO]: .EvertCL issued server command: /time set day
[03:43:49] [Server thread/INFO]: [.EvertCL: Set the time to 1000]
[03:44:19] [Server thread/INFO]: Marlon_44 issued server command: /effect give FaceLgooo minecraft:haste 100 50 true
[03:44:19] [Server thread/INFO]: [Marlon_44: Applied effect Haste to FaceLgooo]
[03:44:24] [Server thread/INFO]: Marlon_44 issued server command: /gamemode creative
[03:44:24] [Server thread/INFO]: [Marlon_44: Set own game mode to Creative Mode]
[03:44:26] [Server thread/INFO]: Marlon_44 issued server command: /gamemode survival
[03:44:26] [Server thread/INFO]: [Marlon_44: Set own game mode to Survival Mode]
[03:44:28] [Server thread/INFO]: Marlon_44 issued server command: /gamemode spectator
[03:44:28] [Server thread/INFO]: [Marlon_44: Set own game mode to Spectator Mode]
[03:44:35] [Server thread/INFO]: Marlon_44 issued server command: /tp FaceLgooo
[03:44:35] [Server thread/INFO]: [Marlon_44: Teleported Marlon_44 to FaceLgooo]
[03:44:36] [Server thread/INFO]: .EvertCL issued server command: /tp .EvertCL Marlon_44
[03:44:36] [Server thread/INFO]: [.EvertCL: Teleported .EvertCL to Marlon_44]
[03:44:36] [Server thread/WARN]: .EvertCL moved too quickly! -236.3617430321044,18.0,-218.90194476325175
[03:44:36] [Server thread/WARN]: .EvertCL moved too quickly! -236.3617430321044,18.0,-218.90194476325175
[03:44:36] [Server thread/WARN]: .EvertCL moved too quickly! -236.3617430321044,18.0,-218.90194476325175
[03:44:36] [Server thread/WARN]: .EvertCL moved too quickly! -236.3617430321044,18.0,-218.90194476325175
[03:44:36] [Server thread/WARN]: .EvertCL moved too quickly! -236.3617430321044,18.0,-218.90194476325175
[03:44:36] [Server thread/WARN]: .EvertCL moved too quickly! -236.3617430321044,18.0,-218.90194476325175
[03:44:46] [Server thread/WARN]: .EvertCL was kicked for floating too long!
[03:44:46] [Geyser Spigot connection thread-6-3/INFO]: [floodgate] Floodgate player logged in as .EvertCL disconnected
[03:44:46] [localSession-7-2/INFO]: [Geyser-Spigot] EvertCL has disconnected from the Java server because of End of stream
[03:44:46] [Server thread/INFO]: .EvertCL lost connection: Flying is not enabled on this server
[03:44:46] [Server thread/INFO]: .EvertCL left the game
[03:45:08] [Server thread/INFO]: Marlon_44 issued server command: /effect give FaceLgooo minecraft:haste 100 100
[03:45:08] [Server thread/INFO]: [Marlon_44: Applied effect Haste to FaceLgooo]
[03:45:14] [epollEventLoopGroup-4-4/INFO]: [Geyser-Spigot] Player connected with username EvertCL
[03:45:14] [localSession-7-1/INFO]: [Geyser-Spigot] EvertCL (logged in as: EvertCL) has connected to the Java server
[03:45:15] [Server thread/INFO]: [floodgate] Floodgate player logged in as .EvertCL joined (UUID: 00000000-0000-0000-0009-01ffbe16af14)
[03:45:15] [Server thread/INFO]: .EvertCL joined the game
[03:45:15] [Server thread/INFO]: .EvertCL[/127.0.0.1:0] logged in with entity id 7868 at ([world]406.20456, 85.5792795225521, -329.4809)
[03:45:42] [Server thread/INFO]: .EvertCL issued server command: /tp .EvertCL Marlon_44
[03:45:42] [Server thread/INFO]: [.EvertCL: Teleported .EvertCL to Marlon_44]
[03:45:42] [Server thread/WARN]: .EvertCL moved too quickly! -3.6072511309657784,31.363502941715446,-5.55322184673571
[03:45:42] [Server thread/WARN]: .EvertCL moved too quickly! -3.6072511309657784,31.363502941715446,-5.55322184673571
[03:46:21] [Server thread/INFO]: .EvertCL issued server command: /tp FaceLgooo .EvertCL
[03:46:21] [Server thread/INFO]: [.EvertCL: Teleported FaceLgooo to .EvertCL]
[03:46:40] [Server thread/INFO]: .EvertCL issued server command: /tp .EvertCL .Waitanam
[03:46:40] [Server thread/INFO]: [.EvertCL: Teleported .EvertCL to .Waitanam]
[03:46:40] [Server thread/WARN]: .EvertCL moved too quickly! 210.07414000000006,15.0,88.77698000000001
[03:46:40] [Server thread/WARN]: .EvertCL moved too quickly! 210.07414000000006,15.0,88.77698000000001
[03:46:40] [Server thread/WARN]: .EvertCL moved too quickly! 210.07414000000006,15.0,88.77698000000001
[03:46:40] [Server thread/WARN]: .EvertCL moved too quickly! 210.07414000000006,15.0,88.77698000000001
[03:46:40] [Server thread/WARN]: .EvertCL moved too quickly! 210.07414000000006,15.0,88.77698000000001
[03:46:40] [Server thread/WARN]: .EvertCL moved too quickly! 210.07414000000006,15.0,88.77698000000001
[03:46:40] [Server thread/WARN]: .EvertCL moved too quickly! 210.07414000000006,15.0,88.77698000000001
[03:46:40] [Server thread/WARN]: .EvertCL moved too quickly! 210.07414000000006,15.0,88.77698000000001
[03:46:40] [Server thread/WARN]: .EvertCL moved too quickly! 210.07414000000006,15.0,88.77698000000001
[03:46:40] [Server thread/WARN]: .EvertCL moved too quickly! 210.07414000000006,15.0,88.77698000000001
[03:46:40] [Server thread/WARN]: .EvertCL moved too quickly! 210.07414000000006,15.0,88.77698000000001
[03:46:40] [Server thread/WARN]: .EvertCL moved too quickly! 210.07414000000006,15.0,88.77698000000001
[03:46:40] [Server thread/WARN]: .EvertCL moved too quickly! 210.07414000000006,15.0,88.77698000000001
[03:46:40] [Server thread/WARN]: .EvertCL moved too quickly! 210.07414000000006,15.0,88.77698000000001
[03:46:40] [Server thread/WARN]: .EvertCL moved too quickly! 210.07414000000006,15.0,88.77698000000001
[03:46:40] [Server thread/WARN]: .EvertCL moved too quickly! 210.07414000000006,15.0,88.77698000000001
[03:46:40] [Server thread/WARN]: .EvertCL moved too quickly! 210.07414000000006,15.0,88.77698000000001
[03:46:40] [Server thread/WARN]: .EvertCL moved too quickly! 210.07414000000006,15.0,88.77698000000001
[03:46:40] [Server thread/WARN]: .EvertCL moved too quickly! 210.07414000000006,15.0,88.77698000000001
[03:46:40] [Server thread/WARN]: .EvertCL moved too quickly! 210.07414000000006,15.0,88.77698000000001
[03:46:40] [Server thread/WARN]: .EvertCL moved too quickly! 210.07414000000006,15.0,88.77698000000001
[03:46:40] [Server thread/WARN]: .EvertCL moved too quickly! 210.07414000000006,15.0,88.77698000000001
[03:46:40] [Server thread/WARN]: .EvertCL moved too quickly! 210.07414000000006,15.0,88.77698000000001
[03:46:40] [Server thread/WARN]: .EvertCL moved too quickly! 210.07414000000006,15.0,88.77698000000001
[03:46:40] [Server thread/WARN]: .EvertCL moved too quickly! 210.07414000000006,15.0,88.77698000000001
[03:46:40] [Server thread/WARN]: .EvertCL moved too quickly! 210.07414000000006,15.0,88.77698000000001
[03:46:40] [Server thread/WARN]: .EvertCL moved too quickly! 210.07414000000006,15.0,88.77698000000001
[03:46:40] [Server thread/WARN]: .EvertCL moved too quickly! 210.07414000000006,15.0,88.77698000000001
[03:46:40] [Server thread/WARN]: .EvertCL moved too quickly! 210.07414000000006,15.0,88.77698000000001
[03:46:40] [Server thread/WARN]: .EvertCL moved too quickly! 210.07414000000006,15.0,88.77698000000001
[03:46:40] [Server thread/WARN]: .EvertCL moved too quickly! 210.07414000000006,15.0,88.77698000000001
[03:46:40] [Server thread/WARN]: .EvertCL moved too quickly! 210.07414000000006,15.0,88.77698000000001
[03:46:40] [Server thread/WARN]: .EvertCL moved too quickly! 210.07414000000006,15.0,88.77698000000001
[03:46:40] [Server thread/WARN]: .EvertCL moved too quickly! 210.07414000000006,15.0,88.77698000000001
[03:46:40] [Server thread/WARN]: .EvertCL moved too quickly! 210.07414000000006,15.0,88.77698000000001
[03:46:40] [Server thread/WARN]: .EvertCL moved too quickly! 210.07414000000006,15.0,88.77698000000001
[03:46:40] [Server thread/WARN]: .EvertCL moved too quickly! 210.07414000000006,15.0,88.77698000000001
[03:46:40] [Server thread/WARN]: .EvertCL moved too quickly! 210.07414000000006,15.0,88.77698000000001
[03:46:40] [Server thread/WARN]: .EvertCL moved too quickly! 210.07414000000006,15.0,88.77698000000001
[03:46:40] [Server thread/WARN]: .EvertCL moved too quickly! 210.07414000000006,15.0,88.77698000000001
[03:46:40] [Server thread/WARN]: .EvertCL moved too quickly! 210.07414000000006,15.0,88.77698000000001
[03:46:40] [Server thread/WARN]: .EvertCL moved too quickly! 210.07414000000006,15.0,88.77698000000001
[03:46:40] [Server thread/WARN]: .EvertCL moved too quickly! 210.07414000000006,15.0,88.77698000000001
[03:46:40] [Server thread/WARN]: .EvertCL moved too quickly! 210.07414000000006,15.0,88.77698000000001
[03:46:40] [Server thread/WARN]: .EvertCL moved too quickly! 210.07414000000006,15.0,88.77698000000001
[03:46:40] [Server thread/WARN]: .EvertCL moved too quickly! 210.07414000000006,15.0,88.77698000000001
[03:46:40] [Server thread/WARN]: .EvertCL moved too quickly! 210.07414000000006,15.0,88.77698000000001
[03:46:40] [Server thread/WARN]: .EvertCL moved too quickly! 210.07414000000006,15.0,88.77698000000001
[03:47:05] [Server thread/INFO]: Marlon_44 issued server command: /effect give Marlon_44 minecraft:haste infinite 90
[03:47:05] [Server thread/INFO]: [Marlon_44: Applied effect Haste to Marlon_44]
[03:47:29] [Server thread/INFO]: Marlon_44 issued server command: /effect clear Marlon_44 minecraft:haste infinite 90
[03:47:36] [Server thread/INFO]: Marlon_44 issued server command: /effect clear Marlon_44 minecraft:haste
[03:47:36] [Server thread/INFO]: [Marlon_44: Removed effect Haste from Marlon_44]
[03:47:52] [Server thread/WARN]: .EvertCL moved too quickly! -15.946900000000028,0.0,2.367220000000003
[03:47:52] [Server thread/WARN]: .EvertCL moved too quickly! -16.02161000000001,0.12127999999999872,2.380279999999999
[03:47:52] [Server thread/WARN]: .EvertCL moved too quickly! -16.02161000000001,0.12127999999999872,2.380279999999999
[03:47:52] [Server thread/WARN]: .EvertCL moved too quickly! -16.02161000000001,0.12127999999999872,2.380279999999999
[03:47:52] [Server thread/WARN]: .EvertCL moved too quickly! -16.02161000000001,0.12127999999999872,2.380279999999999
[03:47:52] [Server thread/WARN]: .EvertCL moved too quickly! -16.02161000000001,0.12127999999999872,2.380279999999999
[03:47:52] [Server thread/WARN]: .EvertCL moved too quickly! -16.02161000000001,0.12127999999999872,2.380279999999999
[03:47:52] [Server thread/WARN]: .EvertCL moved too quickly! -16.02161000000001,0.12127999999999872,2.380279999999999
[03:47:52] [Server thread/WARN]: .EvertCL moved too quickly! -16.02161000000001,0.12127999999999872,2.380279999999999
[03:47:52] [Server thread/WARN]: .EvertCL moved too quickly! -16.02161000000001,0.12127999999999872,2.380279999999999
[03:47:52] [Server thread/WARN]: .EvertCL moved too quickly! -16.02161000000001,0.12127999999999872,2.380279999999999
[03:47:52] [Server thread/WARN]: .EvertCL moved too quickly! -16.02161000000001,0.12127999999999872,2.380279999999999
[03:47:52] [Server thread/WARN]: .EvertCL moved too quickly! -16.02161000000001,0.12127999999999872,2.380279999999999
[03:47:52] [Server thread/WARN]: .EvertCL moved too quickly! -16.02161000000001,0.12127999999999872,2.380279999999999
[03:47:52] [Server thread/WARN]: .EvertCL moved too quickly! -16.02161000000001,0.12127999999999872,2.380279999999999
[03:47:52] [Server thread/WARN]: .EvertCL moved too quickly! -16.02161000000001,0.12127999999999872,2.380279999999999
[03:47:52] [Server thread/WARN]: .EvertCL moved too quickly! -16.02161000000001,0.12127999999999872,2.380279999999999
[03:47:52] [Server thread/WARN]: .EvertCL moved too quickly! -16.02161000000001,0.12127999999999872,2.380279999999999
[03:47:52] [Server thread/WARN]: .EvertCL moved too quickly! -16.02161000000001,0.12127999999999872,2.380279999999999
[03:48:46] [Server thread/INFO]: Marlon_44 issued server command: /summon minecraft:enderman
[03:48:46] [Server thread/INFO]: [Marlon_44: Summoned new Enderman]
[03:48:50] [Server thread/WARN]: .EvertCL moved too quickly! 10.973259999999982,-0.7663699999999949,0.8699000000000012
[03:48:50] [Server thread/WARN]: .EvertCL moved too quickly! 10.973259999999982,-0.7663699999999949,0.8699000000000012
[03:48:50] [Server thread/WARN]: .EvertCL moved too quickly! 10.973259999999982,-0.7663699999999949,0.8699000000000012
[03:48:50] [Server thread/WARN]: .EvertCL moved too quickly! 10.973259999999982,-0.7663699999999949,0.8699000000000012
[03:48:50] [Server thread/WARN]: .EvertCL moved too quickly! 10.973259999999982,-0.7663699999999949,0.8699000000000012
[03:48:50] [Server thread/WARN]: .EvertCL moved too quickly! 10.973259999999982,-0.7663699999999949,0.8699000000000012
[03:48:50] [Server thread/WARN]: .EvertCL moved too quickly! 10.973259999999982,-0.7663699999999949,0.8699000000000012
[03:48:50] [Server thread/WARN]: .EvertCL moved too quickly! 10.973259999999982,-0.7663699999999949,0.8699000000000012
[03:48:50] [Server thread/WARN]: .EvertCL moved too quickly! 10.973259999999982,-0.7663699999999949,0.8699000000000012
[03:48:50] [Server thread/WARN]: .EvertCL moved too quickly! 10.973259999999982,-0.7663699999999949,0.8699000000000012
[03:48:50] [Server thread/WARN]: .EvertCL moved too quickly! 10.973259999999982,-0.7663699999999949,0.8699000000000012
[03:48:50] [Server thread/WARN]: .EvertCL moved too quickly! 10.973259999999982,-0.7663699999999949,0.8699000000000012
[03:48:50] [Server thread/WARN]: .EvertCL moved too quickly! 10.973259999999982,-0.7663699999999949,0.8699000000000012
[03:48:50] [Server thread/WARN]: .EvertCL moved too quickly! 10.973259999999982,-0.7663699999999949,0.8699000000000012
[03:48:50] [Server thread/WARN]: .EvertCL moved too quickly! 10.973259999999982,-0.7663699999999949,0.8699000000000012
[03:48:50] [Server thread/WARN]: .EvertCL moved too quickly! 10.973259999999982,-0.7663699999999949,0.8699000000000012
[03:48:50] [Server thread/WARN]: .EvertCL moved too quickly! 10.973259999999982,-0.7663699999999949,0.8699000000000012
[03:48:50] [Server thread/WARN]: .EvertCL moved too quickly! 10.973259999999982,-0.7663699999999949,0.8699000000000012
[03:48:50] [Server thread/WARN]: .EvertCL moved too quickly! 10.973259999999982,-0.7663699999999949,0.8699000000000012
[03:48:50] [Server thread/WARN]: .EvertCL moved too quickly! 10.973259999999982,-0.7663699999999949,0.8699000000000012
[03:48:50] [Server thread/WARN]: .EvertCL moved too quickly! 10.973259999999982,-0.7663699999999949,0.8699000000000012
[03:48:50] [Server thread/WARN]: .EvertCL moved too quickly! 10.973259999999982,-0.7663699999999949,0.8699000000000012
[03:48:50] [Server thread/WARN]: .EvertCL moved too quickly! 10.973259999999982,-0.7663699999999949,0.8699000000000012
[03:48:50] [Server thread/WARN]: .EvertCL moved too quickly! 10.973259999999982,-0.7663699999999949,0.8699000000000012
[03:48:50] [Server thread/WARN]: .EvertCL moved too quickly! 10.973259999999982,-0.7663699999999949,0.8699000000000012
[03:48:50] [Server thread/WARN]: .EvertCL moved too quickly! 10.973259999999982,-0.7663699999999949,0.8699000000000012
[03:48:50] [Server thread/WARN]: .EvertCL moved too quickly! 10.973259999999982,-0.7663699999999949,0.8699000000000012
[03:48:50] [Server thread/WARN]: .EvertCL moved too quickly! 10.973259999999982,-0.7663699999999949,0.8699000000000012
[03:48:50] [Server thread/WARN]: .EvertCL moved too quickly! 10.973259999999982,-0.7663699999999949,0.8699000000000012
[03:48:50] [Server thread/WARN]: .EvertCL moved too quickly! 10.973259999999982,-0.7663699999999949,0.8699000000000012
[03:48:50] [Server thread/WARN]: .EvertCL moved too quickly! 10.973259999999982,-0.7663699999999949,0.8699000000000012
[03:48:50] [Server thread/WARN]: .EvertCL moved too quickly! 10.973259999999982,-0.7663699999999949,0.8699000000000012
[03:48:50] [Server thread/WARN]: .EvertCL moved too quickly! 10.973259999999982,-0.7663699999999949,0.8699000000000012
[03:48:50] [Server thread/WARN]: .EvertCL moved too quickly! 10.973259999999982,-0.7663699999999949,0.8699000000000012
[03:48:50] [Server thread/WARN]: .EvertCL moved too quickly! 10.973259999999982,-0.7663699999999949,0.8699000000000012
[03:48:50] [Server thread/WARN]: .EvertCL moved too quickly! 10.973259999999982,-0.7663699999999949,0.8699000000000012
[03:48:50] [Server thread/WARN]: .EvertCL moved too quickly! 10.973259999999982,-0.7663699999999949,0.8699000000000012
[03:48:50] [Server thread/WARN]: .EvertCL moved too quickly! 10.973259999999982,-0.7663699999999949,0.8699000000000012
[03:48:50] [Server thread/WARN]: .EvertCL moved too quickly! 10.973259999999982,-0.7663699999999949,0.8699000000000012
[03:48:50] [Server thread/WARN]: .EvertCL moved too quickly! 10.973259999999982,-0.7663699999999949,0.8699000000000012
[03:48:50] [Server thread/WARN]: .EvertCL moved too quickly! 10.973259999999982,-0.7663699999999949,0.8699000000000012
[03:48:50] [Server thread/WARN]: .EvertCL moved too quickly! 10.973259999999982,-0.7663699999999949,0.8699000000000012
[03:48:50] [Server thread/WARN]: .EvertCL moved too quickly! 10.973259999999982,-0.7663699999999949,0.8699000000000012
[03:48:50] [Server thread/WARN]: .EvertCL moved too quickly! 10.973259999999982,-0.7663699999999949,0.8699000000000012
[03:49:02] [Server thread/INFO]: Marlon_44 issued server command: /summon minecraft:zombie
[03:49:02] [Server thread/INFO]: [Marlon_44: Summoned new Zombie]
[03:49:03] [Server thread/INFO]: Marlon_44 issued server command: /summon minecraft:zombie
[03:49:03] [Server thread/INFO]: [Marlon_44: Summoned new Zombie]
[03:49:05] [Server thread/INFO]: Marlon_44 issued server command: /summon minecraft:zombie
[03:49:05] [Server thread/INFO]: [Marlon_44: Summoned new Zombie]
[03:49:07] [Server thread/INFO]: Marlon_44 issued server command: /summon minecraft:zombie
[03:49:07] [Server thread/INFO]: [Marlon_44: Summoned new Zombie]
[03:49:08] [Server thread/INFO]: Marlon_44 issued server command: /summon minecraft:zombie
[03:49:08] [Server thread/INFO]: [Marlon_44: Summoned new Zombie]
[03:49:08] [Server thread/INFO]: FaceLgooo was slain by Zombie
[03:49:23] [Server thread/INFO]: Marlon_44 issued server command: /tp FaceLgooo Marlon_44
[03:49:23] [Server thread/INFO]: [Marlon_44: Teleported FaceLgooo to Marlon_44]
[03:49:48] [Server thread/WARN]: .EvertCL moved too quickly! -9.94344000000001,0.0,2.0853700000000117
[03:50:01] [Server thread/INFO]: Marlon_44 issued server command: /summon minecraft:endermite
[03:50:01] [Server thread/INFO]: [Marlon_44: Summoned new Endermite]
[03:50:11] [Server thread/INFO]: Marlon_44 issued server command: /summon minecraft:endermite
[03:50:11] [Server thread/INFO]: [Marlon_44: Summoned new Endermite]
[03:50:13] [Server thread/INFO]: Marlon_44 issued server command: /summon minecraft:endermite
[03:50:13] [Server thread/INFO]: [Marlon_44: Summoned new Endermite]
[03:50:30] [Server thread/INFO]: Marlon_44 issued server command: /summon minecraft:endermite
[03:50:30] [Server thread/INFO]: [Marlon_44: Summoned new Endermite]
[03:50:32] [Server thread/INFO]: Marlon_44 issued server command: /summon minecraft:endermite
[03:50:32] [Server thread/INFO]: [Marlon_44: Summoned new Endermite]
[03:50:32] [Server thread/INFO]: Marlon_44 issued server command: /summon minecraft:endermite
[03:50:32] [Server thread/INFO]: [Marlon_44: Summoned new Endermite]
[03:50:35] [Server thread/INFO]: Marlon_44 issued server command: /summon minecraft:endermite
[03:50:35] [Server thread/INFO]: [Marlon_44: Summoned new Endermite]
[03:50:36] [Server thread/INFO]: Marlon_44 issued server command: /summon minecraft:endermite
[03:50:36] [Server thread/INFO]: [Marlon_44: Summoned new Endermite]
[03:50:38] [Server thread/INFO]: Marlon_44 issued server command: /summon minecraft:endermite
[03:50:38] [Server thread/INFO]: [Marlon_44: Summoned new Endermite]
[03:50:38] [Server thread/INFO]: FaceLgooo was doomed to fall by Endermite
[03:50:55] [Server thread/INFO]: Marlon_44 issued server command: /tp FaceLgooo Marlon_44
[03:50:55] [Server thread/INFO]: [Marlon_44: Teleported FaceLgooo to Marlon_44]
[03:51:02] [Server thread/INFO]: Marlon_44 issued server command: /tp FaceLgooo Marlon_44
[03:51:02] [Server thread/INFO]: [Marlon_44: Teleported FaceLgooo to Marlon_44]
[03:51:04] [Server thread/INFO]: FaceLgooo was blown up by Creeper
[03:51:07] [Server thread/INFO]: Marlon_44 issued server command: /tp FaceLgooo Marlon_44
[03:51:07] [Server thread/INFO]: Attempt to teleport removed player FaceLgooo restricted
[03:51:07] [Server thread/INFO]: [Marlon_44: Teleported FaceLgooo to Marlon_44]
[03:51:10] [Server thread/INFO]: Marlon_44 issued server command: /tp FaceLgooo Marlon_44
[03:51:10] [Server thread/INFO]: [Marlon_44: Teleported FaceLgooo to Marlon_44]
[03:51:44] [Server thread/INFO]: Marlon_44 issued server command: /summon minecraft:creeper 100
[03:52:15] [Server thread/INFO]: Marlon_44 issued server command: /summon minecraft:creeper
[03:52:15] [Server thread/INFO]: [Marlon_44: Summoned new Creeper]
[03:52:38] [Server thread/INFO]: Marlon_44 issued server command: /summon minecraft:creeper
[03:52:38] [Server thread/INFO]: [Marlon_44: Summoned new Creeper]
[03:52:41] [Server thread/INFO]: FaceLgooo was impaled by Drowned
[03:52:57] [Server thread/INFO]: Marlon_44 issued server command: /tp FaceLgooo Marlon_44
[03:52:57] [Server thread/INFO]: [Marlon_44: Teleported FaceLgooo to Marlon_44]
[03:53:01] [Server thread/INFO]: .EvertCL issued server command: /tp .EvertCL Marlon_44
[03:53:01] [Server thread/INFO]: [.EvertCL: Teleported .EvertCL to Marlon_44]
[03:53:01] [Server thread/WARN]: .EvertCL moved too quickly! -165.5418235309229,-48.3911623801955,-95.88504827094954
[03:53:29] [Server thread/INFO]: Marlon_44 issued server command: /tp .EvertCL Marlon_44
[03:53:29] [Server thread/INFO]: [Marlon_44: Teleported .EvertCL to Marlon_44]
[03:53:29] [Server thread/WARN]: .EvertCL moved too quickly! 6.102123210902505,-53.5179512970284,-10.277992529204539
[03:53:29] [Server thread/WARN]: .EvertCL moved too quickly! 6.102123210902505,-53.5179512970284,-10.277992529204539
[03:53:29] [Server thread/WARN]: .EvertCL moved too quickly! 6.102123210902505,-53.5179512970284,-10.277992529204539
[03:53:29] [Server thread/WARN]: .EvertCL moved too quickly! 6.102123210902505,-53.5179512970284,-10.277992529204539
[03:53:29] [Server thread/WARN]: .EvertCL moved too quickly! 6.102123210902505,-53.5179512970284,-10.277992529204539
[03:53:35] [Server thread/INFO]: .EvertCL issued server command: /tp .EvertCL .Waitanam
[03:53:35] [Server thread/INFO]: [.EvertCL: Teleported .EvertCL to .Waitanam]
[03:53:35] [Server thread/WARN]: .EvertCL moved too quickly! 227.85784,112.0,77.74729000000002
[03:53:35] [Server thread/WARN]: .EvertCL moved too quickly! 227.85784,112.0,77.74729000000002
[03:53:35] [Server thread/WARN]: .EvertCL moved too quickly! 227.85784,112.0,77.74729000000002
[03:53:35] [Server thread/WARN]: .EvertCL moved too quickly! 227.85784,112.0,77.74729000000002
[03:53:35] [Server thread/WARN]: .EvertCL moved too quickly! 227.85784,112.0,77.74729000000002
[03:53:35] [Server thread/WARN]: .EvertCL moved too quickly! 227.85784,112.0,77.74729000000002
[03:53:35] [Server thread/WARN]: .EvertCL moved too quickly! 227.85784,112.0,77.74729000000002
[03:53:35] [Server thread/WARN]: .EvertCL moved too quickly! 227.85784,112.0,77.74729000000002
[03:53:35] [Server thread/WARN]: .EvertCL moved too quickly! 227.85784,112.0,77.74729000000002
[03:53:35] [Server thread/WARN]: .EvertCL moved too quickly! 227.85784,112.0,77.74729000000002
[03:53:35] [Server thread/WARN]: .EvertCL moved too quickly! 227.85784,112.0,77.74729000000002
[03:53:35] [Server thread/WARN]: .EvertCL moved too quickly! 227.85784,112.0,77.74729000000002
[03:53:35] [Server thread/WARN]: .EvertCL moved too quickly! 227.85784,112.0,77.74729000000002
[03:53:35] [Server thread/WARN]: .EvertCL moved too quickly! 227.85784,112.0,77.74729000000002
[03:53:35] [Server thread/WARN]: .EvertCL moved too quickly! 227.85784,112.0,77.74729000000002
[03:53:35] [Server thread/WARN]: .EvertCL moved too quickly! 227.85784,112.0,77.74729000000002
[03:53:35] [Server thread/WARN]: .EvertCL moved too quickly! 227.85784,112.0,77.74729000000002
[03:53:35] [Server thread/WARN]: .EvertCL moved too quickly! 227.85784,112.0,77.74729000000002
[03:53:35] [Server thread/WARN]: .EvertCL moved too quickly! 227.85784,112.0,77.74729000000002
[03:53:35] [Server thread/WARN]: .EvertCL moved too quickly! 227.85784,112.0,77.74729000000002
[03:53:35] [Server thread/WARN]: .EvertCL moved too quickly! 227.85784,112.0,77.74729000000002
[03:53:35] [Server thread/WARN]: .EvertCL moved too quickly! 227.85784,112.0,77.74729000000002
[03:53:35] [Server thread/WARN]: .EvertCL moved too quickly! 227.85784,112.0,77.74729000000002
[03:53:35] [Server thread/WARN]: .EvertCL moved too quickly! 227.85784,112.0,77.74729000000002
[03:53:35] [Server thread/WARN]: .EvertCL moved too quickly! 227.85784,112.0,77.74729000000002
[03:53:35] [Server thread/WARN]: .EvertCL moved too quickly! 227.85784,112.0,77.74729000000002
[03:53:35] [Server thread/WARN]: .EvertCL moved too quickly! 227.85784,112.0,77.74729000000002
[03:53:35] [Server thread/WARN]: .EvertCL moved too quickly! 227.85784,112.0,77.74729000000002
[03:53:35] [Server thread/WARN]: .EvertCL moved too quickly! 227.85784,112.0,77.74729000000002
[03:53:35] [Server thread/WARN]: .EvertCL moved too quickly! 227.85784,112.0,77.74729000000002
[03:53:35] [Server thread/WARN]: .EvertCL moved too quickly! 227.85784,112.0,77.74729000000002
[03:53:35] [Server thread/WARN]: .EvertCL moved too quickly! 227.85784,112.0,77.74729000000002
[03:53:35] [Server thread/WARN]: .EvertCL moved too quickly! 227.85784,112.0,77.74729000000002
[03:53:35] [Server thread/WARN]: .EvertCL moved too quickly! 227.85784,112.0,77.74729000000002
[03:53:35] [Server thread/WARN]: .EvertCL moved too quickly! 227.85784,112.0,77.74729000000002
[03:53:35] [Server thread/WARN]: .EvertCL moved too quickly! 227.85784,112.0,77.74729000000002
[03:53:35] [Server thread/WARN]: .EvertCL moved too quickly! 227.85784,112.0,77.74729000000002
[03:53:35] [Server thread/WARN]: .EvertCL moved too quickly! 227.85784,112.0,77.74729000000002
[03:53:35] [Server thread/WARN]: .EvertCL moved too quickly! 227.85784,112.0,77.74729000000002
[03:53:35] [Server thread/WARN]: .EvertCL moved too quickly! 227.85784,112.0,77.74729000000002
[03:53:35] [Server thread/WARN]: .EvertCL moved too quickly! 227.85784,112.0,77.74729000000002
[03:53:35] [Server thread/WARN]: .EvertCL moved too quickly! 227.85784,112.0,77.74729000000002
[03:53:35] [Server thread/WARN]: .EvertCL moved too quickly! 227.85784,112.0,77.74729000000002
[03:53:35] [Server thread/WARN]: .EvertCL moved too quickly! 227.85784,112.0,77.74729000000002
[03:53:35] [Server thread/WARN]: .EvertCL moved too quickly! 227.85784,112.0,77.74729000000002
[03:53:35] [Server thread/WARN]: .EvertCL moved too quickly! 227.85784,112.0,77.74729000000002
[03:53:35] [Server thread/WARN]: .EvertCL moved too quickly! 227.85784,112.0,77.74729000000002
[03:53:35] [Server thread/WARN]: .EvertCL moved too quickly! 227.85784,112.0,77.74729000000002
[03:53:35] [Server thread/WARN]: .EvertCL moved too quickly! 227.85784,112.0,77.74729000000002
[03:53:35] [Server thread/WARN]: .EvertCL moved too quickly! 227.85784,112.0,77.74729000000002
[03:53:35] [Server thread/WARN]: .EvertCL moved too quickly! 227.85784,112.0,77.74729000000002
[03:53:46] [Server thread/INFO]: Marlon_44 issued server command: /tp .EvertCL Marlon_44
[03:53:46] [Server thread/INFO]: [Marlon_44: Teleported .EvertCL to Marlon_44]
[03:53:46] [Server thread/WARN]: .EvertCL moved too quickly! -231.8943925615834,-76.89667004533081,-83.72640404093562
[03:53:46] [Server thread/WARN]: .EvertCL moved too quickly! -231.8943925615834,-76.89667004533081,-83.72640404093562
[03:53:46] [Server thread/WARN]: .EvertCL moved too quickly! -231.8943925615834,-76.89667004533081,-83.72640404093562
[03:53:46] [Server thread/WARN]: .EvertCL moved too quickly! -231.8943925615834,-76.89667004533081,-83.72640404093562
[03:53:46] [Server thread/WARN]: .EvertCL moved too quickly! -231.8943925615834,-76.89667004533081,-83.72640404093562
[03:53:46] [Server thread/WARN]: .EvertCL moved too quickly! -231.8943925615834,-76.89667004533081,-83.72640404093562
[03:53:46] [Server thread/WARN]: .EvertCL moved too quickly! -231.8943925615834,-76.89667004533081,-83.72640404093562
[03:53:46] [Server thread/WARN]: .EvertCL moved too quickly! -231.8943925615834,-76.89667004533081,-83.72640404093562
[03:53:46] [Server thread/WARN]: .EvertCL moved too quickly! -231.8943925615834,-76.89667004533081,-83.72640404093562
[03:53:46] [Server thread/WARN]: .EvertCL moved too quickly! -231.8943925615834,-76.89667004533081,-83.72640404093562
[03:53:46] [Server thread/WARN]: .EvertCL moved too quickly! -231.8943925615834,-76.89667004533081,-83.72640404093562
[03:53:46] [Server thread/WARN]: .EvertCL moved too quickly! -231.8943925615834,-76.89667004533081,-83.72640404093562
[03:53:46] [Server thread/WARN]: .EvertCL moved too quickly! -231.8943925615834,-76.89667004533081,-83.72640404093562
[03:53:46] [Server thread/WARN]: .EvertCL moved too quickly! -231.8943925615834,-76.89667004533081,-83.72640404093562
[03:53:46] [Server thread/WARN]: .EvertCL moved too quickly! -231.8943925615834,-76.89667004533081,-83.72640404093562
[03:53:46] [Server thread/WARN]: .EvertCL moved too quickly! -231.8943925615834,-76.89667004533081,-83.72640404093562
[03:53:46] [Server thread/WARN]: .EvertCL moved too quickly! -231.8943925615834,-76.89667004533081,-83.72640404093562
[03:53:46] [Server thread/WARN]: .EvertCL moved too quickly! -231.8943925615834,-76.89667004533081,-83.72640404093562
[03:53:46] [Server thread/WARN]: .EvertCL moved too quickly! -231.8943925615834,-76.89667004533081,-83.72640404093562
[03:53:46] [Server thread/WARN]: .EvertCL moved too quickly! -231.8943925615834,-76.89667004533081,-83.72640404093562
[03:53:46] [Server thread/WARN]: .EvertCL moved too quickly! -231.8943925615834,-76.89667004533081,-83.72640404093562
[03:53:46] [Server thread/WARN]: .EvertCL moved too quickly! -231.8943925615834,-76.89667004533081,-83.72640404093562
[03:53:46] [Server thread/WARN]: .EvertCL moved too quickly! -231.8943925615834,-76.89667004533081,-83.72640404093562
[03:53:46] [Server thread/WARN]: .EvertCL moved too quickly! -231.8943925615834,-76.89667004533081,-83.72640404093562
[03:53:46] [Server thread/WARN]: .EvertCL moved too quickly! -231.8943925615834,-76.89667004533081,-83.72640404093562
[03:53:46] [Server thread/WARN]: .EvertCL moved too quickly! -231.8943925615834,-76.89667004533081,-83.72640404093562
[03:53:46] [Server thread/WARN]: .EvertCL moved too quickly! -231.8943925615834,-76.89667004533081,-83.72640404093562
[03:53:46] [Server thread/WARN]: .EvertCL moved too quickly! -231.8943925615834,-76.89667004533081,-83.72640404093562
[03:53:46] [Server thread/WARN]: .EvertCL moved too quickly! -231.8943925615834,-76.89667004533081,-83.72640404093562
[03:53:46] [Server thread/WARN]: .EvertCL moved too quickly! -231.8943925615834,-76.89667004533081,-83.72640404093562
[03:53:46] [Server thread/WARN]: .EvertCL moved too quickly! -231.8943925615834,-76.89667004533081,-83.72640404093562
[03:53:46] [Server thread/WARN]: .EvertCL moved too quickly! -231.8943925615834,-76.89667004533081,-83.72640404093562
[03:53:46] [Server thread/WARN]: .EvertCL moved too quickly! -231.8943925615834,-76.89667004533081,-83.72640404093562
[03:53:46] [Server thread/WARN]: .EvertCL moved too quickly! -231.8943925615834,-76.89667004533081,-83.72640404093562
[03:53:46] [Server thread/WARN]: .EvertCL moved too quickly! -231.8943925615834,-76.89667004533081,-83.72640404093562
[03:53:46] [Server thread/WARN]: .EvertCL moved too quickly! -231.8943925615834,-76.89667004533081,-83.72640404093562
[03:53:46] [Server thread/WARN]: .EvertCL moved too quickly! -231.8943925615834,-76.89667004533081,-83.72640404093562
[03:53:46] [Server thread/WARN]: .EvertCL moved too quickly! -231.8943925615834,-76.89667004533081,-83.72640404093562
[03:53:46] [Server thread/WARN]: .EvertCL moved too quickly! -231.8943925615834,-76.89667004533081,-83.72640404093562
[03:53:46] [Server thread/WARN]: .EvertCL moved too quickly! -231.8943925615834,-76.89667004533081,-83.72640404093562
[03:53:46] [Server thread/WARN]: .EvertCL moved too quickly! -231.8943925615834,-76.89667004533081,-83.72640404093562
[03:53:46] [Server thread/WARN]: .EvertCL moved too quickly! -231.8943925615834,-76.89667004533081,-83.72640404093562
[03:53:46] [Server thread/WARN]: .EvertCL moved too quickly! -231.8943925615834,-76.89667004533081,-83.72640404093562
[03:53:46] [Server thread/WARN]: .EvertCL moved too quickly! -231.8943925615834,-76.89667004533081,-83.72640404093562
[03:53:46] [Server thread/WARN]: .EvertCL moved too quickly! -231.8943925615834,-76.89667004533081,-83.72640404093562
[03:53:46] [Server thread/WARN]: .EvertCL moved too quickly! -231.8943925615834,-76.89667004533081,-83.72640404093562
[03:53:46] [Server thread/WARN]: .EvertCL moved too quickly! -231.8943925615834,-76.89667004533081,-83.72640404093562
[03:53:46] [Server thread/WARN]: .EvertCL moved too quickly! -231.8943925615834,-76.89667004533081,-83.72640404093562
[03:53:46] [Server thread/WARN]: .EvertCL moved too quickly! -231.8943925615834,-76.89667004533081,-83.72640404093562
[03:53:46] [Server thread/WARN]: .EvertCL moved too quickly! -231.8943925615834,-76.89667004533081,-83.72640404093562
[03:53:46] [Server thread/WARN]: .EvertCL moved too quickly! -231.8943925615834,-76.89667004533081,-83.72640404093562
[03:53:46] [Server thread/WARN]: .EvertCL moved too quickly! -231.8943925615834,-76.89667004533081,-83.72640404093562
[03:53:46] [Server thread/WARN]: .EvertCL moved too quickly! -231.8943925615834,-76.89667004533081,-83.72640404093562
[03:53:46] [Server thread/WARN]: .EvertCL moved too quickly! -231.8943925615834,-76.89667004533081,-83.72640404093562
[03:53:46] [Server thread/WARN]: .EvertCL moved too quickly! -231.8943925615834,-76.89667004533081,-83.72640404093562
[03:53:46] [Server thread/WARN]: .EvertCL moved too quickly! -231.8943925615834,-76.89667004533081,-83.72640404093562
[03:53:46] [Server thread/WARN]: .EvertCL moved too quickly! -231.8943925615834,-76.89667004533081,-83.72640404093562
[03:53:46] [Server thread/WARN]: .EvertCL moved too quickly! -231.8943925615834,-76.89667004533081,-83.72640404093562
[03:53:46] [Server thread/WARN]: .EvertCL moved too quickly! -231.8943925615834,-76.89667004533081,-83.72640404093562
[03:53:46] [Server thread/WARN]: .EvertCL moved too quickly! -231.8943925615834,-76.89667004533081,-83.72640404093562
[03:53:46] [Server thread/WARN]: .EvertCL moved too quickly! -231.8943925615834,-76.89667004533081,-83.72640404093562
[03:53:46] [Server thread/WARN]: .EvertCL moved too quickly! -231.8943925615834,-76.89667004533081,-83.72640404093562
[03:53:46] [Server thread/WARN]: .EvertCL moved too quickly! -231.8943925615834,-76.89667004533081,-83.72640404093562
[03:53:46] [Server thread/WARN]: .EvertCL moved too quickly! -231.8943925615834,-76.89667004533081,-83.72640404093562
[03:53:46] [Server thread/WARN]: .EvertCL moved too quickly! -231.8943925615834,-76.89667004533081,-83.72640404093562
[03:53:46] [Server thread/WARN]: .EvertCL moved too quickly! -231.8943925615834,-76.89667004533081,-83.72640404093562
[03:53:46] [Server thread/WARN]: .EvertCL moved too quickly! -231.8943925615834,-76.89667004533081,-83.72640404093562
[03:53:46] [Server thread/WARN]: .EvertCL moved too quickly! -231.8943925615834,-76.89667004533081,-83.72640404093562
[03:53:46] [Server thread/WARN]: .EvertCL moved too quickly! -231.8943925615834,-76.89667004533081,-83.72640404093562
[03:53:52] [Server thread/INFO]: .EvertCL issued server command: /tp .EvertCL .Waitanam
[03:53:52] [Server thread/INFO]: [.EvertCL: Teleported .EvertCL to .Waitanam]
[03:53:52] [Server thread/WARN]: .EvertCL moved too quickly! 239.58306999999996,78.90167,84.09522000000004
[03:53:52] [Server thread/WARN]: .EvertCL moved too quickly! 239.58306999999996,78.90167,84.09522000000004
[03:53:52] [Server thread/WARN]: .EvertCL moved too quickly! 239.58306999999996,78.90167,84.09522000000004
[03:53:52] [Server thread/WARN]: .EvertCL moved too quickly! 239.58306999999996,78.90167,84.09522000000004
[03:53:52] [Server thread/WARN]: .EvertCL moved too quickly! 239.58306999999996,78.90167,84.09522000000004
[03:53:52] [Server thread/WARN]: .EvertCL moved too quickly! 239.58306999999996,78.90167,84.09522000000004
[03:53:52] [Server thread/WARN]: .EvertCL moved too quickly! 239.58306999999996,78.90167,84.09522000000004
[03:53:52] [Server thread/WARN]: .EvertCL moved too quickly! 239.58306999999996,78.90167,84.09522000000004
[03:53:52] [Server thread/WARN]: .EvertCL moved too quickly! 239.58306999999996,78.90167,84.09522000000004
[03:53:52] [Server thread/WARN]: .EvertCL moved too quickly! 239.58306999999996,78.90167,84.09522000000004
[03:53:52] [Server thread/WARN]: .EvertCL moved too quickly! 239.58306999999996,78.90167,84.09522000000004
[03:53:52] [Server thread/WARN]: .EvertCL moved too quickly! 239.58306999999996,78.90167,84.09522000000004
[03:53:52] [Server thread/WARN]: .EvertCL moved too quickly! 239.58306999999996,78.90167,84.09522000000004
[03:53:52] [Server thread/WARN]: .EvertCL moved too quickly! 239.58306999999996,78.90167,84.09522000000004
[03:53:52] [Server thread/WARN]: .EvertCL moved too quickly! 239.58306999999996,78.90167,84.09522000000004
[03:53:52] [Server thread/WARN]: .EvertCL moved too quickly! 239.58306999999996,78.90167,84.09522000000004
[03:53:52] [Server thread/WARN]: .EvertCL moved too quickly! 239.58306999999996,78.90167,84.09522000000004
[03:53:52] [Server thread/WARN]: .EvertCL moved too quickly! 239.58306999999996,78.90167,84.09522000000004
[03:53:52] [Server thread/WARN]: .EvertCL moved too quickly! 239.58306999999996,78.90167,84.09522000000004
[03:53:52] [Server thread/WARN]: .EvertCL moved too quickly! 239.58306999999996,78.90167,84.09522000000004
[03:53:52] [Server thread/WARN]: .EvertCL moved too quickly! 239.58306999999996,78.90167,84.09522000000004
[03:53:52] [Server thread/WARN]: .EvertCL moved too quickly! 239.58306999999996,78.90167,84.09522000000004
[03:53:52] [Server thread/WARN]: .EvertCL moved too quickly! 239.58306999999996,78.90167,84.09522000000004
[03:53:52] [Server thread/WARN]: .EvertCL moved too quickly! 239.58306999999996,78.90167,84.09522000000004
[03:53:52] [Server thread/WARN]: .EvertCL moved too quickly! 239.58306999999996,78.90167,84.09522000000004
[03:53:52] [Server thread/WARN]: .EvertCL moved too quickly! 239.58306999999996,78.90167,84.09522000000004
[03:53:52] [Server thread/WARN]: .EvertCL moved too quickly! 239.58306999999996,78.90167,84.09522000000004
[03:53:52] [Server thread/WARN]: .EvertCL moved too quickly! 239.58306999999996,78.90167,84.09522000000004
[03:53:52] [Server thread/WARN]: .EvertCL moved too quickly! 239.58306999999996,78.90167,84.09522000000004
[03:53:52] [Server thread/WARN]: .EvertCL moved too quickly! 239.58306999999996,78.90167,84.09522000000004
[03:53:52] [Server thread/WARN]: .EvertCL moved too quickly! 239.58306999999996,78.90167,84.09522000000004
[03:53:52] [Server thread/WARN]: .EvertCL moved too quickly! 239.58306999999996,78.90167,84.09522000000004
[03:53:52] [Server thread/WARN]: .EvertCL moved too quickly! 239.58306999999996,78.90167,84.09522000000004
[03:53:52] [Server thread/WARN]: .EvertCL moved too quickly! 239.58306999999996,78.90167,84.09522000000004
[03:53:52] [Server thread/WARN]: .EvertCL moved too quickly! 239.58306999999996,78.90167,84.09522000000004
[03:53:52] [Server thread/WARN]: .EvertCL moved too quickly! 239.58306999999996,78.90167,84.09522000000004
[03:53:52] [Server thread/WARN]: .EvertCL moved too quickly! 239.58306999999996,78.90167,84.09522000000004
[03:53:52] [Server thread/WARN]: .EvertCL moved too quickly! 239.58306999999996,78.90167,84.09522000000004
[03:53:52] [Server thread/WARN]: .EvertCL moved too quickly! 239.58306999999996,78.90167,84.09522000000004
[03:53:52] [Server thread/WARN]: .EvertCL moved too quickly! 239.58306999999996,78.90167,84.09522000000004
[03:53:52] [Server thread/WARN]: .EvertCL moved too quickly! 239.58306999999996,78.90167,84.09522000000004
[03:53:52] [Server thread/WARN]: .EvertCL moved too quickly! 239.58306999999996,78.90167,84.09522000000004
[03:53:52] [Server thread/WARN]: .EvertCL moved too quickly! 239.58306999999996,78.90167,84.09522000000004
[03:53:52] [Server thread/WARN]: .EvertCL moved too quickly! 239.58306999999996,78.90167,84.09522000000004
[03:53:52] [Server thread/WARN]: .EvertCL moved too quickly! 239.58306999999996,78.90167,84.09522000000004
[03:53:52] [Server thread/WARN]: .EvertCL moved too quickly! 239.58306999999996,78.90167,84.09522000000004
[03:53:52] [Server thread/WARN]: .EvertCL moved too quickly! 239.58306999999996,78.90167,84.09522000000004
[03:53:52] [Server thread/WARN]: .EvertCL moved too quickly! 239.58306999999996,78.90167,84.09522000000004
[03:53:52] [Server thread/WARN]: .EvertCL moved too quickly! 239.58306999999996,78.90167,84.09522000000004
[03:53:52] [Server thread/WARN]: .EvertCL moved too quickly! 239.58306999999996,78.90167,84.09522000000004
[03:53:52] [Server thread/WARN]: .EvertCL moved too quickly! 239.58306999999996,78.90167,84.09522000000004
[03:53:52] [Server thread/WARN]: .EvertCL moved too quickly! 239.58306999999996,78.90167,84.09522000000004
[03:54:04] [Server thread/INFO]: Marlon_44 issued server command: /summon minecraft:endermite
[03:54:04] [Server thread/INFO]: [Marlon_44: Summoned new Endermite]
[03:54:06] [Server thread/INFO]: Marlon_44 issued server command: /summon minecraft:endermite
[03:54:06] [Server thread/INFO]: [Marlon_44: Summoned new Endermite]
[03:54:07] [Server thread/INFO]: Marlon_44 issued server command: /summon minecraft:endermite
[03:54:07] [Server thread/INFO]: [Marlon_44: Summoned new Endermite]
[03:54:08] [Server thread/INFO]: Marlon_44 issued server command: /summon minecraft:endermite
[03:54:08] [Server thread/INFO]: [Marlon_44: Summoned new Endermite]
[03:54:09] [Server thread/INFO]: Marlon_44 issued server command: /summon minecraft:endermite
[03:54:09] [Server thread/INFO]: [Marlon_44: Summoned new Endermite]
[03:54:10] [Server thread/INFO]: Marlon_44 issued server command: /summon minecraft:endermite
[03:54:10] [Server thread/INFO]: [Marlon_44: Summoned new Endermite]
[03:54:10] [Server thread/INFO]: Marlon_44 issued server command: /summon minecraft:endermite
[03:54:10] [Server thread/INFO]: [Marlon_44: Summoned new Endermite]
[03:54:11] [Server thread/INFO]: Marlon_44 issued server command: /summon minecraft:endermite
[03:54:11] [Server thread/INFO]: [Marlon_44: Summoned new Endermite]
[03:54:12] [Server thread/INFO]: Marlon_44 issued server command: /summon minecraft:endermitet
[03:54:12] [Server thread/INFO]: Marlon_44 issued server command: /summon minecraft:endermitett
[03:54:28] [Server thread/INFO]: Marlon_44 issued server command: /summon minecraft:endermite
[03:54:28] [Server thread/INFO]: [Marlon_44: Summoned new Endermite]
[03:54:31] [Server thread/INFO]: Marlon_44 issued server command: /summon minecraft:endermite
[03:54:31] [Server thread/INFO]: [Marlon_44: Summoned new Endermite]
[03:54:33] [Server thread/INFO]: Marlon_44 issued server command: /summon minecraft:endermite
[03:54:33] [Server thread/INFO]: [Marlon_44: Summoned new Endermite]
[03:54:34] [Server thread/INFO]: Marlon_44 issued server command: /summon minecraft:endermite
[03:54:34] [Server thread/INFO]: [Marlon_44: Summoned new Endermite]
[03:54:36] [Server thread/INFO]: Marlon_44 issued server command: /summon minecraft:endermite
[03:54:36] [Server thread/INFO]: [Marlon_44: Summoned new Endermite]
[03:54:37] [Server thread/INFO]: Marlon_44 issued server command: /summon minecraft:endermite
[03:54:37] [Server thread/INFO]: [Marlon_44: Summoned new Endermite]
[03:54:38] [Server thread/INFO]: Marlon_44 issued server command: /summon minecraft:endermite
[03:54:38] [Server thread/INFO]: [Marlon_44: Summoned new Endermite]
[03:54:39] [Server thread/INFO]: Marlon_44 issued server command: /summon minecraft:endermite
[03:54:39] [Server thread/INFO]: [Marlon_44: Summoned new Endermite]
[03:54:41] [Server thread/INFO]: Marlon_44 issued server command: /summon minecraft:endermite
[03:54:41] [Server thread/INFO]: [Marlon_44: Summoned new Endermite]
[03:54:42] [Server thread/INFO]: Marlon_44 issued server command: /summon minecraft:endermite
[03:54:42] [Server thread/INFO]: [Marlon_44: Summoned new Endermite]
[03:54:43] [Server thread/INFO]: Marlon_44 issued server command: /summon minecraft:endermite
[03:54:43] [Server thread/INFO]: [Marlon_44: Summoned new Endermite]
[03:54:44] [Server thread/INFO]: Marlon_44 issued server command: /summon minecraft:endermite
[03:54:44] [Server thread/INFO]: [Marlon_44: Summoned new Endermite]
[03:54:45] [Server thread/INFO]: Marlon_44 issued server command: /summon minecraft:endermite
[03:54:45] [Server thread/INFO]: [Marlon_44: Summoned new Endermite]
[03:54:46] [Server thread/INFO]: Marlon_44 issued server command: /summon minecraft:endermite
[03:54:46] [Server thread/INFO]: [Marlon_44: Summoned new Endermite]
[03:54:47] [Server thread/INFO]: Marlon_44 issued server command: /summon minecraft:endermite
[03:54:47] [Server thread/INFO]: [Marlon_44: Summoned new Endermite]
[03:54:48] [Server thread/INFO]: Marlon_44 issued server command: /summon minecraft:endermite
[03:54:48] [Server thread/INFO]: [Marlon_44: Summoned new Endermite]
[03:55:15] [Server thread/INFO]: Marlon_44 issued server command: /tp .EvertCL
[03:55:15] [Server thread/INFO]: [Marlon_44: Teleported Marlon_44 to .EvertCL]
[03:55:20] [Server thread/INFO]: FaceLgooo was slain by Endermite
[03:55:26] [Server thread/INFO]: Marlon_44 issued server command: /tp .EvertCL
[03:55:26] [Server thread/INFO]: [Marlon_44: Teleported Marlon_44 to .EvertCL]
[03:55:38] [Server thread/INFO]: Marlon_44 issued server command: /summon minecraft:ender_dragon
[03:55:38] [Server thread/INFO]: [Marlon_44: Summoned new Ender Dragon]
[03:55:59] [Server thread/INFO]: Marlon_44 issued server command: /kill bf3175eb-d6bc-41d5-b7fb-be15406f8698
[03:56:05] [Server thread/INFO]: Marlon_44 issued server command: /gamemode survival
[03:56:05] [Server thread/INFO]: [Marlon_44: Set own game mode to Survival Mode]
[03:56:08] [Server thread/INFO]: Marlon_44 issued server command: /gamemode creative
[03:56:08] [Server thread/INFO]: [Marlon_44: Set own game mode to Creative Mode]
[03:56:27] [Server thread/INFO]: .EvertCL was killed by Ender Dragon using magic
[03:57:55] [Server thread/WARN]: .EvertCL moved too quickly! 8.141669999999976,0.030160000000002185,6.109739999999988
[03:57:56] [Server thread/WARN]: .Waitanam moved too quickly! 11.77959999999996,1.2336300000000051,5.125499999999988
[03:57:57] [Server thread/INFO]: Marlon_44 issued server command: /summon minecraft:giant
[03:57:57] [Server thread/INFO]: [Marlon_44: Summoned new Giant]
[03:58:26] [Server thread/INFO]: Marlon_44 issued server command: /gamemode spectator
[03:58:26] [Server thread/INFO]: [Marlon_44: Set own game mode to Spectator Mode]
[03:58:47] [Server thread/INFO]: Marlon_44 issued server command: /tp Marlon_44 407.0 89 -329.0
[03:58:47] [Server thread/INFO]: [Marlon_44: Teleported Marlon_44 to 407.000000, 89.000000, -329.000000]
[03:59:04] [Server thread/INFO]: Marlon_44 issued server command: /tp .EvertCL Marlon_44
[03:59:04] [Server thread/INFO]: [Marlon_44: Teleported .EvertCL to Marlon_44]
[03:59:12] [Server thread/INFO]: Marlon_44 issued server command: /tp FaceLgooo Marlon_44
[03:59:12] [Server thread/INFO]: [Marlon_44: Teleported FaceLgooo to Marlon_44]
[03:59:14] [Server thread/INFO]: .EvertCL issued server command: /tp .EvertCL .Waitanam
[03:59:14] [Server thread/INFO]: [.EvertCL: Teleported .EvertCL to .Waitanam]
[03:59:14] [Server thread/WARN]: .EvertCL moved too quickly! 203.88464000000005,15.0,94.00791000000001
[03:59:14] [Server thread/WARN]: .EvertCL moved too quickly! 203.88464000000005,15.0,94.00791000000001
[03:59:14] [Server thread/WARN]: .EvertCL moved too quickly! 203.88464000000005,15.0,94.00791000000001
[03:59:14] [Server thread/WARN]: .EvertCL moved too quickly! 203.88464000000005,15.0,94.00791000000001
[03:59:14] [Server thread/WARN]: .EvertCL moved too quickly! 203.88464000000005,15.0,94.00791000000001
[03:59:14] [Server thread/WARN]: .EvertCL moved too quickly! 203.88464000000005,15.0,94.00791000000001
[03:59:14] [Server thread/WARN]: .EvertCL moved too quickly! 203.88464000000005,15.0,94.00791000000001
[03:59:14] [Server thread/WARN]: .EvertCL moved too quickly! 203.88464000000005,15.0,94.00791000000001
[03:59:14] [Server thread/WARN]: .EvertCL moved too quickly! 203.88464000000005,15.0,94.00791000000001
[03:59:14] [Server thread/WARN]: .EvertCL moved too quickly! 203.88464000000005,15.0,94.00791000000001
[03:59:14] [Server thread/WARN]: .EvertCL moved too quickly! 203.88464000000005,15.0,94.00791000000001
[03:59:14] [Server thread/WARN]: .EvertCL moved too quickly! 203.88464000000005,15.0,94.00791000000001
[03:59:14] [Server thread/WARN]: .EvertCL moved too quickly! 203.88464000000005,15.0,94.00791000000001
[03:59:14] [Server thread/WARN]: .EvertCL moved too quickly! 203.88464000000005,15.0,94.00791000000001
[03:59:14] [Server thread/WARN]: .EvertCL moved too quickly! 203.88464000000005,15.0,94.00791000000001
[03:59:14] [Server thread/WARN]: .EvertCL moved too quickly! 203.88464000000005,15.0,94.00791000000001
[03:59:14] [Server thread/WARN]: .EvertCL moved too quickly! 203.88464000000005,15.0,94.00791000000001
[03:59:14] [Server thread/WARN]: .EvertCL moved too quickly! 203.88464000000005,15.0,94.00791000000001
[03:59:52] [Server thread/INFO]: Marlon_44 issued server command: /xp add .EvertCL 100
[03:59:52] [Server thread/INFO]: [Marlon_44: Gave 100 experience points to .EvertCL]
[03:59:56] [Server thread/WARN]: .EvertCL moved too quickly! 7.842290000000048,-6.495189999999994,13.71275
[03:59:56] [Server thread/WARN]: .EvertCL moved too quickly! 7.841980000000035,-6.495189999999994,13.711759999999998
[03:59:56] [Server thread/WARN]: .EvertCL moved too quickly! 7.841980000000035,-6.495189999999994,13.711759999999998
[03:59:56] [Server thread/WARN]: .EvertCL moved too quickly! 7.841980000000035,-6.495189999999994,13.711759999999998
[03:59:56] [Server thread/WARN]: .EvertCL moved too quickly! 7.841980000000035,-6.495189999999994,13.711759999999998
[03:59:56] [Server thread/WARN]: .EvertCL moved too quickly! 7.841980000000035,-6.495189999999994,13.711759999999998
[03:59:56] [Server thread/WARN]: .EvertCL moved too quickly! 7.841980000000035,-6.495189999999994,13.711759999999998
[03:59:56] [Server thread/WARN]: .EvertCL moved too quickly! 7.841980000000035,-6.495189999999994,13.711759999999998
[03:59:56] [Server thread/WARN]: .EvertCL moved too quickly! 7.841980000000035,-6.495189999999994,13.711759999999998
[03:59:56] [Server thread/WARN]: .EvertCL moved too quickly! 7.841980000000035,-6.495189999999994,13.711759999999998
[03:59:56] [Server thread/WARN]: .EvertCL moved too quickly! 7.841980000000035,-6.495189999999994,13.711759999999998
[03:59:56] [Server thread/WARN]: .EvertCL moved too quickly! 7.841980000000035,-6.495189999999994,13.711759999999998
[03:59:56] [Server thread/WARN]: .EvertCL moved too quickly! 7.841980000000035,-6.495189999999994,13.711759999999998
[03:59:56] [Server thread/WARN]: .EvertCL moved too quickly! 7.841980000000035,-6.495189999999994,13.711759999999998
[03:59:56] [Server thread/WARN]: .EvertCL moved too quickly! 7.841980000000035,-6.495189999999994,13.711759999999998
[03:59:56] [Server thread/WARN]: .EvertCL moved too quickly! 7.841980000000035,-6.495189999999994,13.711759999999998
[03:59:56] [Server thread/WARN]: .EvertCL moved too quickly! 7.841980000000035,-6.495189999999994,13.711759999999998
[03:59:56] [Server thread/WARN]: .EvertCL moved too quickly! 7.841980000000035,-6.495189999999994,13.711759999999998
[03:59:56] [Server thread/WARN]: .EvertCL moved too quickly! 7.841980000000035,-6.495189999999994,13.711759999999998
[03:59:56] [Server thread/WARN]: .EvertCL moved too quickly! 7.841980000000035,-6.495189999999994,13.711759999999998
[03:59:56] [Server thread/WARN]: .EvertCL moved too quickly! 7.841980000000035,-6.495189999999994,13.711759999999998
[03:59:56] [Server thread/WARN]: .EvertCL moved too quickly! 7.841980000000035,-6.495189999999994,13.711759999999998
[03:59:56] [Server thread/WARN]: .EvertCL moved too quickly! 7.841980000000035,-6.495189999999994,13.711759999999998
[03:59:56] [Server thread/WARN]: .EvertCL moved too quickly! 7.841980000000035,-6.495189999999994,13.711759999999998
[03:59:56] [Server thread/WARN]: .EvertCL moved too quickly! 7.841980000000035,-6.495189999999994,13.711759999999998
[03:59:56] [Server thread/WARN]: .EvertCL moved too quickly! 7.841980000000035,-6.495189999999994,13.711759999999998
[03:59:56] [Server thread/WARN]: .EvertCL moved too quickly! 7.841980000000035,-6.495189999999994,13.711759999999998
[03:59:56] [Server thread/WARN]: .EvertCL moved too quickly! 7.841980000000035,-6.495189999999994,13.711759999999998
[03:59:56] [Server thread/WARN]: .EvertCL moved too quickly! 7.841980000000035,-6.495189999999994,13.711759999999998
[03:59:56] [Server thread/WARN]: .EvertCL moved too quickly! 7.841980000000035,-6.495189999999994,13.711759999999998
[03:59:56] [Server thread/WARN]: .EvertCL moved too quickly! 7.841980000000035,-6.495189999999994,13.711759999999998
[03:59:56] [Server thread/WARN]: .EvertCL moved too quickly! 7.841980000000035,-6.495189999999994,13.711759999999998
[03:59:56] [Server thread/WARN]: .EvertCL moved too quickly! 7.841980000000035,-6.495189999999994,13.711759999999998
[03:59:56] [Server thread/WARN]: .EvertCL moved wrongly!
[04:00:01] [Server thread/INFO]: Marlon_44 issued server command: /xp add .EvertCL 10000
[04:00:01] [Server thread/INFO]: [Marlon_44: Gave 10000 experience points to .EvertCL]
[04:00:17] [Async Chat Thread - #1/INFO]: [Not Secure] <FaceLgooo> marlon ayudeme
[04:00:27] [Async Chat Thread - #1/INFO]: [Not Secure] <FaceLgooo> deme losas de piedra
[04:00:38] [Async Chat Thread - #1/INFO]: [Not Secure] <FaceLgooo> y antotchas
[04:00:46] [Async Chat Thread - #1/INFO]: [Not Secure] <FaceLgooo> antorchas
[04:00:57] [Server thread/INFO]: Marlon_44 issued server command: /summon minecraft:lightning_bolt
[04:00:57] [Server thread/INFO]: [Marlon_44: Summoned new Lightning Bolt]
[04:01:06] [Server thread/INFO]: Marlon_44 issued server command: /summon minecraft:lightning_bolt
[04:01:06] [Server thread/INFO]: [Marlon_44: Summoned new Lightning Bolt]
[04:01:11] [Server thread/INFO]: Marlon_44 issued server command: /summon minecraft:lightning_bolt
[04:01:11] [Server thread/INFO]: [Marlon_44: Summoned new Lightning Bolt]
[04:01:12] [Server thread/INFO]: Marlon_44 issued server command: /summon minecraft:lightning_bolt
[04:01:12] [Server thread/INFO]: [Marlon_44: Summoned new Lightning Bolt]
[04:01:14] [Server thread/INFO]: Marlon_44 issued server command: /summon minecraft:lightning_bolt
[04:01:14] [Server thread/INFO]: [Marlon_44: Summoned new Lightning Bolt]
[04:01:53] [Server thread/INFO]: Marlon_44 issued server command: /summon minecraft:sniffer
[04:01:53] [Server thread/INFO]: [Marlon_44: Summoned new Sniffer]
[04:02:34] [Async Chat Thread - #4/INFO]: [Not Secure] <FaceLgooo> marlon
[04:02:38] [Async Chat Thread - #4/INFO]: [Not Secure] <FaceLgooo> marlon
[04:02:41] [Async Chat Thread - #4/INFO]: [Not Secure] <FaceLgooo> marlon
[04:02:46] [Async Chat Thread - #4/INFO]: [Not Secure] <FaceLgooo> marlon
[04:02:51] [Async Chat Thread - #4/INFO]: [Not Secure] <FaceLgooo> MARLON
[04:02:55] [Async Chat Thread - #4/INFO]: [Not Secure] <FaceLgooo> marlon
[04:02:57] [Server thread/WARN]: .EvertCL moved too quickly! 7.905300000000011,4.2491799999999955,-5.631519999999995
[04:02:59] [Async Chat Thread - #4/INFO]: [Not Secure] <FaceLgooo> marlon
[04:03:04] [Async Chat Thread - #3/INFO]: [Not Secure] <FaceLgooo> marlon
[04:03:08] [Async Chat Thread - #3/INFO]: [Not Secure] <FaceLgooo> marlon
[04:03:11] [Async Chat Thread - #3/INFO]: [Not Secure] <FaceLgooo> marlon
[04:03:17] [Async Chat Thread - #3/INFO]: [Not Secure] <FaceLgooo> marlon
[04:03:48] [Async Chat Thread - #3/INFO]: [Not Secure] <FaceLgooo> ayudeme con losas de piedra y antorchas
[04:05:18] [Server thread/INFO]: Marlon_44 issued server command: /summon minecraft:lightning_bolt
[04:05:18] [Server thread/INFO]: [Marlon_44: Summoned new Lightning Bolt]
[04:05:23] [Server thread/INFO]: Marlon_44 issued server command: /gamemode creative
[04:05:23] [Server thread/INFO]: [Marlon_44: Set own game mode to Creative Mode]
[04:05:28] [Server thread/INFO]: Marlon_44 issued server command: /gamemode spectator
[04:05:28] [Server thread/INFO]: [Marlon_44: Set own game mode to Spectator Mode]
[04:05:30] [Server thread/INFO]: Marlon_44 issued server command: /gamemode survival
[04:05:30] [Server thread/INFO]: [Marlon_44: Set own game mode to Survival Mode]
[04:05:56] [Server thread/WARN]: .EvertCL moved too quickly! 10.559210000000007,-1.1216000000000008,8.478909999999985
[04:05:56] [Server thread/WARN]: .EvertCL moved too quickly! 10.527850000000058,-1.1216000000000008,8.200050000000005
[04:05:56] [Server thread/WARN]: .EvertCL moved too quickly! 10.527850000000058,-1.1216000000000008,8.200050000000005
[04:05:56] [Server thread/WARN]: .EvertCL moved too quickly! 10.527850000000058,-1.1216000000000008,8.200050000000005
[04:05:56] [Server thread/WARN]: .EvertCL moved too quickly! 10.527850000000058,-1.1216000000000008,8.200050000000005
[04:05:56] [Server thread/WARN]: .EvertCL moved too quickly! 10.527850000000058,-1.1216000000000008,8.200050000000005
[04:05:56] [Server thread/WARN]: .EvertCL moved too quickly! 10.527850000000058,-1.1216000000000008,8.200050000000005
[04:05:56] [Server thread/WARN]: .EvertCL moved too quickly! 10.527850000000058,-1.1216000000000008,8.200050000000005
[04:05:56] [Server thread/WARN]: .EvertCL moved too quickly! 10.527850000000058,-1.1216000000000008,8.200050000000005
[04:05:56] [Server thread/WARN]: .EvertCL moved too quickly! 10.527850000000058,-1.1216000000000008,8.200050000000005
[04:05:56] [Server thread/WARN]: .EvertCL moved too quickly! 10.527850000000058,-1.1216000000000008,8.200050000000005
[04:05:56] [Server thread/WARN]: .EvertCL moved too quickly! 10.527850000000058,-1.1216000000000008,8.200050000000005
[04:05:56] [Server thread/WARN]: .EvertCL moved too quickly! 10.527850000000058,-1.1216000000000008,8.200050000000005
[04:05:56] [Server thread/WARN]: .EvertCL moved too quickly! 10.527850000000058,-1.1216000000000008,8.200050000000005
[04:05:56] [Server thread/WARN]: .EvertCL moved too quickly! 10.527850000000058,-1.1216000000000008,8.200050000000005
[04:05:56] [Server thread/WARN]: .EvertCL moved too quickly! 10.527850000000058,-1.1216000000000008,8.200050000000005
[04:05:56] [Server thread/WARN]: .EvertCL moved too quickly! 10.527850000000058,-1.1216000000000008,8.200050000000005
[04:05:56] [Server thread/WARN]: .EvertCL moved too quickly! 10.527850000000058,-1.1216000000000008,8.200050000000005
[04:05:56] [Server thread/WARN]: .EvertCL moved too quickly! 10.527850000000058,-1.1216000000000008,8.200050000000005
[04:05:56] [Server thread/WARN]: .EvertCL moved too quickly! 10.527850000000058,-1.1216000000000008,8.200050000000005
[04:05:56] [Server thread/WARN]: .EvertCL moved too quickly! 10.527850000000058,-1.1216000000000008,8.200050000000005
[04:05:56] [Server thread/WARN]: .EvertCL moved too quickly! 10.527850000000058,-1.1216000000000008,8.200050000000005
[04:05:56] [Server thread/WARN]: .EvertCL moved too quickly! 10.527850000000058,-1.1216000000000008,8.200050000000005
[04:05:56] [Server thread/WARN]: .EvertCL moved too quickly! 10.527850000000058,-1.1216000000000008,8.200050000000005
[04:05:56] [Server thread/WARN]: .EvertCL moved too quickly! 10.527850000000058,-1.1216000000000008,8.200050000000005
[04:05:56] [Server thread/WARN]: .EvertCL moved too quickly! 10.527850000000058,-1.1216000000000008,8.200050000000005
[04:05:56] [Server thread/WARN]: .EvertCL moved too quickly! 10.527850000000058,-1.1216000000000008,8.200050000000005
[04:05:56] [Server thread/WARN]: .EvertCL moved too quickly! 10.527850000000058,-1.1216000000000008,8.200050000000005
[04:05:56] [Server thread/WARN]: .EvertCL moved too quickly! 10.527850000000058,-1.1216000000000008,8.200050000000005
[04:05:56] [Server thread/WARN]: .EvertCL moved too quickly! 10.527850000000058,-1.1216000000000008,8.200050000000005
[04:05:56] [Server thread/WARN]: .EvertCL moved too quickly! 10.527850000000058,-1.1216000000000008,8.200050000000005
[04:05:56] [Server thread/WARN]: .EvertCL moved too quickly! 10.527850000000058,-1.1216000000000008,8.200050000000005
[04:05:56] [Server thread/WARN]: .EvertCL moved too quickly! 10.527850000000058,-1.1216000000000008,8.200050000000005
[04:05:56] [Server thread/WARN]: .EvertCL moved too quickly! 10.527850000000058,-1.1216000000000008,8.200050000000005
[04:05:56] [Server thread/WARN]: .EvertCL moved too quickly! 10.527850000000058,-1.1216000000000008,8.200050000000005
[04:05:56] [Server thread/WARN]: .EvertCL moved too quickly! 10.527850000000058,-1.1216000000000008,8.200050000000005
[04:05:56] [Server thread/WARN]: .EvertCL moved too quickly! 10.527850000000058,-1.1216000000000008,8.200050000000005
[04:05:56] [Server thread/WARN]: .EvertCL moved too quickly! 10.527850000000058,-1.1216000000000008,8.200050000000005
[04:05:56] [Server thread/WARN]: .EvertCL moved too quickly! 10.527850000000058,-1.1216000000000008,8.200050000000005
[04:05:56] [Server thread/WARN]: .EvertCL moved too quickly! 10.527850000000058,-1.1216000000000008,8.200050000000005
[04:05:56] [Server thread/WARN]: .EvertCL moved too quickly! 10.527850000000058,-1.1216000000000008,8.200050000000005
[04:05:56] [Server thread/WARN]: .EvertCL moved too quickly! 10.527850000000058,-1.1216000000000008,8.200050000000005
[04:05:56] [Server thread/WARN]: .EvertCL moved too quickly! 10.527850000000058,-1.1216000000000008,8.200050000000005
[04:05:56] [Server thread/WARN]: .EvertCL moved too quickly! 10.527850000000058,-1.1216000000000008,8.200050000000005
[04:05:56] [Server thread/WARN]: .EvertCL moved too quickly! 10.527850000000058,-1.1216000000000008,8.200050000000005
[04:05:56] [Server thread/WARN]: .EvertCL moved too quickly! 10.527850000000058,-1.1216000000000008,8.200050000000005
[04:05:56] [Server thread/WARN]: .EvertCL moved too quickly! 10.527850000000058,-1.1216000000000008,8.200050000000005
[04:05:56] [Server thread/WARN]: .EvertCL moved too quickly! 10.527850000000058,-1.1216000000000008,8.200050000000005
[04:05:56] [Server thread/WARN]: .EvertCL moved too quickly! 10.527850000000058,-1.1216000000000008,8.200050000000005
[04:05:56] [Server thread/WARN]: .EvertCL moved too quickly! 10.527850000000058,-1.1216000000000008,8.200050000000005
[04:05:56] [Server thread/WARN]: .EvertCL moved too quickly! 10.527850000000058,-1.1216000000000008,8.200050000000005
[04:05:56] [Server thread/WARN]: .EvertCL moved too quickly! 10.527850000000058,-1.1216000000000008,8.200050000000005
[04:05:56] [Server thread/WARN]: .EvertCL moved too quickly! 10.527850000000058,-1.1216000000000008,8.200050000000005
[04:05:56] [Server thread/WARN]: .EvertCL moved too quickly! 10.527850000000058,-1.1216000000000008,8.200050000000005
[04:05:56] [Server thread/WARN]: .EvertCL moved too quickly! 10.527850000000058,-1.1216000000000008,8.200050000000005
[04:05:56] [Server thread/WARN]: .EvertCL moved too quickly! 10.527850000000058,-1.1216000000000008,8.200050000000005
[04:05:56] [Server thread/WARN]: .EvertCL moved too quickly! 10.527850000000058,-1.1216000000000008,8.200050000000005
[04:05:56] [Server thread/WARN]: .EvertCL moved too quickly! 10.527850000000058,-1.1216000000000008,8.200050000000005
[04:05:56] [Server thread/WARN]: .EvertCL moved too quickly! 10.527850000000058,-1.1216000000000008,8.200050000000005
[04:05:56] [Server thread/WARN]: .EvertCL moved too quickly! 10.527850000000058,-1.1216000000000008,8.200050000000005
[04:05:56] [Server thread/WARN]: .EvertCL moved too quickly! 10.527850000000058,-1.1216000000000008,8.200050000000005
[04:05:56] [Server thread/WARN]: .EvertCL moved too quickly! 10.527850000000058,-1.1216000000000008,8.200050000000005
[04:05:56] [Server thread/WARN]: .EvertCL moved too quickly! 10.527850000000058,-1.1216000000000008,8.200050000000005
[04:05:56] [Server thread/WARN]: .EvertCL moved too quickly! 10.527850000000058,-1.1216000000000008,8.200050000000005
[04:05:56] [Server thread/WARN]: .EvertCL moved too quickly! 10.527850000000058,-1.1216000000000008,8.200050000000005
[04:05:56] [Server thread/WARN]: .EvertCL moved too quickly! 10.527850000000058,-1.1216000000000008,8.200050000000005
[04:05:56] [Server thread/WARN]: .EvertCL moved too quickly! 10.527850000000058,-1.1216000000000008,8.200050000000005
[04:05:56] [Server thread/WARN]: .EvertCL moved too quickly! -7.135620000000017,5.0,-6.6790499999999895
[04:06:20] [Server thread/INFO]: Marlon_44 issued server command: /tp .EvertCL
[04:06:20] [Server thread/INFO]: [Marlon_44: Teleported Marlon_44 to .EvertCL]
[04:06:22] [Async Chat Thread - #5/INFO]: [Not Secure] <FaceLgooo> ayudeme con las losas y las antorchas
[04:06:27] [Async Chat Thread - #6/INFO]: [Not Secure] <FaceLgooo> no se valla
[04:06:40] [Server thread/INFO]: Marlon_44 issued server command: /gamemode creative
[04:06:40] [Server thread/INFO]: [Marlon_44: Set own game mode to Creative Mode]
[04:07:04] [Server thread/INFO]: Marlon_44 issued server command: /gamemode survival
[04:07:04] [Server thread/INFO]: [Marlon_44: Set own game mode to Survival Mode]
[04:07:15] [Server thread/INFO]: Marlon_44 issued server command: /tp FaceLgooo
[04:07:15] [Server thread/INFO]: [Marlon_44: Teleported Marlon_44 to FaceLgooo]
[04:07:19] [Server thread/INFO]: Marlon_44 issued server command: /gamemode creative
[04:07:19] [Server thread/INFO]: [Marlon_44: Set own game mode to Creative Mode]
[04:07:37] [Server thread/INFO]: .Waitanam has made the advancement [Ice Bucket Challenge]
[04:08:15] [Server thread/INFO]: Marlon_44 lost connection: Disconnected
[04:08:15] [Server thread/INFO]: Marlon_44 left the game
[04:08:15] [Async Chat Thread - #7/INFO]: [Not Secure] <FaceLgooo> antorchas
[04:09:01] [Server thread/INFO]: Stopping the server
[04:09:01] [Server thread/INFO]: Stopping server
[04:09:01] [Server thread/INFO]: [Geyser-Spigot] Disabling Geyser-Spigot v2.5.0-SNAPSHOT
[04:09:01] [Server thread/INFO]: [Geyser-Spigot] Shutting down Geyser.
[04:09:01] [Server thread/INFO]: [Geyser-Spigot] Kicking 2 player(s)
[04:09:01] [Geyser Spigot connection thread-6-2/INFO]: [floodgate] Floodgate player logged in as .EvertCL disconnected
[04:09:01] [localSession-7-1/INFO]: [Geyser-Spigot] EvertCL has disconnected from the Java server because of Apagando el proxy de Geyser.
[04:09:01] [Geyser Spigot connection thread-6-1/INFO]: [floodgate] Floodgate player logged in as .Waitanam disconnected
[04:09:01] [localSession-7-4/INFO]: [Geyser-Spigot] Waitanam has disconnected from the Java server because of Apagando el proxy de Geyser.
[04:09:01] [Server thread/INFO]: [Geyser-Spigot] Kicked all players!
[04:09:01] [Server thread/INFO]: [Geyser-Spigot] Geyser shutdown successfully.
[04:09:01] [Server thread/INFO]: [ViaVersion] Disabling ViaVersion v5.1.1
[04:09:01] [Server thread/INFO]: [ViaVersion] ViaVersion has been disabled; uninjected the platform and shut down the scheduler.
[04:09:01] [Server thread/INFO]: [floodgate] Disabling floodgate v2.2.3-SNAPSHOT (b114-83fbd6e)
[04:09:01] [Server thread/INFO]: Saving players
[04:09:01] [Server thread/INFO]: .Waitanam lost connection: Server closed
[04:09:01] [Server thread/INFO]: .Waitanam left the game
[04:09:01] [WebSocketConnectReadThread-81/INFO]: [Geyser-Spigot] The skin uploader has been closed
[04:09:01] [Server thread/INFO]: FaceLgooo lost connection: Server closed
[04:09:01] [Server thread/INFO]: FaceLgooo left the game
[04:09:01] [Server thread/INFO]: .EvertCL lost connection: Server closed
[04:09:01] [Server thread/INFO]: .EvertCL left the game
[04:09:01] [Server thread/INFO]: Saving worlds
[04:09:01] [Server thread/INFO]: Saving chunks for level 'ServerLevel[world]'/minecraft:overworld
[04:09:01] [Server thread/INFO]: [ChunkHolderManager] Waiting 60s for chunk system to halt for world 'world'
[04:09:01] [Server thread/INFO]: [ChunkHolderManager] Halted chunk system for world 'world'
[04:09:01] [Server thread/INFO]: [ChunkHolderManager] Saving all chunkholders for world 'world'
[04:09:01] [Server thread/INFO]: [ChunkHolderManager] Saved 66 block chunks, 280 entity chunks, 1 poi chunks in world 'world' in 0.25s
[04:09:01] [Server thread/INFO]: Saving chunks for level 'ServerLevel[world_nether]'/minecraft:the_nether
[04:09:01] [Server thread/INFO]: [ChunkHolderManager] Waiting 60s for chunk system to halt for world 'world_nether'
[04:09:01] [Server thread/INFO]: [ChunkHolderManager] Halted chunk system for world 'world_nether'
[04:09:01] [Server thread/INFO]: [ChunkHolderManager] Saving all chunkholders for world 'world_nether'
[04:09:01] [Server thread/INFO]: [ChunkHolderManager] Saved 11 block chunks, 71 entity chunks, 0 poi chunks in world 'world_nether' in 0.06s
[04:09:01] [Server thread/INFO]: Saving chunks for level 'ServerLevel[world_the_end]'/minecraft:the_end
[04:09:01] [Server thread/INFO]: [ChunkHolderManager] Waiting 60s for chunk system to halt for world 'world_the_end'
[04:09:01] [Server thread/INFO]: [ChunkHolderManager] Halted chunk system for world 'world_the_end'
[04:09:01] [Server thread/INFO]: [ChunkHolderManager] Saving all chunkholders for world 'world_the_end'
[04:09:01] [Server thread/INFO]: [ChunkHolderManager] Saved 0 block chunks, 23 entity chunks, 0 poi chunks in world 'world_the_end' in 0.01s
[04:09:01] [Server thread/INFO]: ThreadedAnvilChunkStorage (world): All chunks are saved
[04:09:01] [Server thread/INFO]: ThreadedAnvilChunkStorage (DIM-1): All chunks are saved
[04:09:01] [Server thread/INFO]: ThreadedAnvilChunkStorage (DIM1): All chunks are saved
[04:09:01] [Server thread/INFO]: ThreadedAnvilChunkStorage: All dimensions are saved
